<html>
<head>
<title>TestNG:  TestChrome</title>
<link href="../testng.css" rel="stylesheet" type="text/css" />
<link href="../my-testng.css" rel="stylesheet" type="text/css" />

<style type="text/css">
.log { display: none;} 
.stack-trace { display: none;} 
</style>
<script type="text/javascript">
<!--
function flip(e) {
  current = e.style.display;
  if (current == 'block') {
    e.style.display = 'none';
    return 0;
  }
  else {
    e.style.display = 'block';
    return 1;
  }
}

function toggleBox(szDivId, elem, msg1, msg2)
{
  var res = -1;  if (document.getElementById) {
    res = flip(document.getElementById(szDivId));
  }
  else if (document.all) {
    // this is the way old msie versions work
    res = flip(document.all[szDivId]);
  }
  if(elem) {
    if(res == 0) elem.innerHTML = msg1; else elem.innerHTML = msg2;
  }

}

function toggleAllBoxes() {
  if (document.getElementsByTagName) {
    d = document.getElementsByTagName('div');
    for (i = 0; i < d.length; i++) {
      if (d[i].className == 'log') {
        flip(d[i]);
      }
    }
  }
}

// -->
</script>

</head>
<body>
<h2 align='center'>TestChrome</h2><table border='1' align="center">
<tr>
<td>Tests passed/Failed/Skipped:</td><td>43/2/3</td>
</tr><tr>
<td>Started on:</td><td>Sun Dec 15 22:02:52 EST 2024</td>
</tr>
<tr><td>Total time:</td><td>32 seconds (32408 ms)</td>
</tr><tr>
<td>Included groups:</td><td></td>
</tr><tr>
<td>Excluded groups:</td><td></td>
</tr>
</table><p/>
<small><i>(Hover the method name to see the test class name)</i></small><p/>
<table width='100%' border='1' class='invocation-failed'>
<tr><td colspan='4' align='center'><b>FAILED CONFIGURATIONS</b></td></tr>
<tr><td><b>Test method</b></td>
<td><b>Attribute(s)</b></td>
<td width="30%"><b>Exception</b></td>
<td width="10%"><b>Time (seconds)</b></td>
<td><b>Instance</b></td>
</tr>
<tr>
<td title='tests.LoginTesCases.user_clicks_on_logout_link()'><b>user_clicks_on_logout_link</b><br>Test class: tests.LoginTesCases</td>
<td><div><pre>org.openqa.selenium.NoSuchElementException: no such element: Unable to locate element: {&quot;method&quot;:&quot;link text&quot;,&quot;selector&quot;:&quot;Sign out&quot;}
  (Session info: chrome=131.0.6778.140)
For documentation on this error, please visit: https://www.selenium.dev/documentation/webdriver/troubleshooting/errors#no-such-element-exception
Build info: version: &apos;4.23.1&apos;, revision: &apos;656257d8e9&apos;
System info: os.name: &apos;Windows 11&apos;, os.arch: &apos;amd64&apos;, os.version: &apos;10.0&apos;, java.version: &apos;22.0.2&apos;
Driver info: org.openqa.selenium.chrome.ChromeDriver
Command: [00120a666311999588f2312dc15844a4, findElement {using=link text, value=Sign out}]
Capabilities {acceptInsecureCerts: false, browserName: chrome, browserVersion: 131.0.6778.140, chrome: {chromedriverVersion: 131.0.6778.108 (3b014839fbc..., userDataDir: C:\Users\golda\AppData\Loca...}, fedcm:accounts: true, goog:chromeOptions: {debuggerAddress: localhost:54484}, networkConnectionEnabled: false, pageLoadStrategy: normal, platformName: windows, proxy: Proxy(), se:cdp: ws://localhost:54484/devtoo..., se:cdpVersion: 131.0.6778.140, setWindowRect: true, strictFileInteractability: false, timeouts: {implicit: 0, pageLoad: 300000, script: 30000}, unhandledPromptBehavior: dismiss and notify, webauthn:extension:credBlob: true, webauthn:extension:largeBlob: true, webauthn:extension:minPinLength: true, webauthn:extension:prf: true, webauthn:virtualAuthenticators: true}
Session ID: 00120a666311999588f2312dc15844a4
	at org.openqa.selenium.remote.ErrorCodec.decode(ErrorCodec.java:167)
	at org.openqa.selenium.remote.codec.w3c.W3CHttpResponseCodec.decode(W3CHttpResponseCodec.java:138)
	at org.openqa.selenium.remote.codec.w3c.W3CHttpResponseCodec.decode(W3CHttpResponseCodec.java:50)
	at org.openqa.selenium.remote.HttpCommandExecutor.execute(HttpCommandExecutor.java:190)
	at org.openqa.selenium.remote.service.DriverCommandExecutor.invokeExecute(DriverCommandExecutor.java:216)
	at org.openqa.selenium.remote.service.DriverCommandExecutor.execute(DriverCommandExecutor.java:174)
	at org.openqa.selenium.remote.RemoteWebDriver.execute(RemoteWebDriver.java:545)
	at org.openqa.selenium.remote.ElementLocation$ElementFinder$2.findElement(ElementLocation.java:165)
	at org.openqa.selenium.remote.ElementLocation.findElement(ElementLocation.java:59)
	at org.openqa.selenium.remote.RemoteWebDriver.findElement(RemoteWebDriver.java:368)
	at org.openqa.selenium.remote.RemoteWebDriver.findElement(RemoteWebDriver.java:362)
	at org.openqa.selenium.support.pagefactory.DefaultElementLocator.findElement(DefaultElementLocator.java:68)
	at org.openqa.selenium.support.pagefactory.internal.LocatingElementHandler.invoke(LocatingElementHandler.java:38)
	at jdk.proxy2/jdk.proxy2.$Proxy18.click(Unknown Source)
	at pageObject.Homepageobject.clickLogout(Homepageobject.java:107)
	at tests.LoginTesCases.user_clicks_on_logout_link(LoginTesCases.java:116)
	at java.base/java.util.concurrent.Executors$RunnableAdapter.call(Executors.java:572)
	at java.base/java.util.concurrent.FutureTask.run(FutureTask.java:317)
	at java.base/java.util.concurrent.ThreadPoolExecutor.runWorker(ThreadPoolExecutor.java:1144)
	at java.base/java.util.concurrent.ThreadPoolExecutor$Worker.run(ThreadPoolExecutor.java:642)
	at java.base/java.lang.Thread.run(Thread.java:1570)
... Removed 13 stack frames</pre></div><a href='#' onClick='toggleBox("stack-trace1761755254", this, "Click to show all stack frames", "Click to hide stack frames")'>Click to show all stack frames</a>
<div class='stack-trace' id='stack-trace1761755254'><pre>org.openqa.selenium.NoSuchElementException: no such element: Unable to locate element: {&quot;method&quot;:&quot;link text&quot;,&quot;selector&quot;:&quot;Sign out&quot;}
  (Session info: chrome=131.0.6778.140)
For documentation on this error, please visit: https://www.selenium.dev/documentation/webdriver/troubleshooting/errors#no-such-element-exception
Build info: version: &apos;4.23.1&apos;, revision: &apos;656257d8e9&apos;
System info: os.name: &apos;Windows 11&apos;, os.arch: &apos;amd64&apos;, os.version: &apos;10.0&apos;, java.version: &apos;22.0.2&apos;
Driver info: org.openqa.selenium.chrome.ChromeDriver
Command: [00120a666311999588f2312dc15844a4, findElement {using=link text, value=Sign out}]
Capabilities {acceptInsecureCerts: false, browserName: chrome, browserVersion: 131.0.6778.140, chrome: {chromedriverVersion: 131.0.6778.108 (3b014839fbc..., userDataDir: C:\Users\golda\AppData\Loca...}, fedcm:accounts: true, goog:chromeOptions: {debuggerAddress: localhost:54484}, networkConnectionEnabled: false, pageLoadStrategy: normal, platformName: windows, proxy: Proxy(), se:cdp: ws://localhost:54484/devtoo..., se:cdpVersion: 131.0.6778.140, setWindowRect: true, strictFileInteractability: false, timeouts: {implicit: 0, pageLoad: 300000, script: 30000}, unhandledPromptBehavior: dismiss and notify, webauthn:extension:credBlob: true, webauthn:extension:largeBlob: true, webauthn:extension:minPinLength: true, webauthn:extension:prf: true, webauthn:virtualAuthenticators: true}
Session ID: 00120a666311999588f2312dc15844a4
	at java.base/jdk.internal.reflect.DirectConstructorHandleAccessor.newInstance(DirectConstructorHandleAccessor.java:62)
	at java.base/java.lang.reflect.Constructor.newInstanceWithCaller(Constructor.java:502)
	at java.base/java.lang.reflect.Constructor.newInstance(Constructor.java:486)
	at org.openqa.selenium.remote.ErrorCodec.decode(ErrorCodec.java:167)
	at org.openqa.selenium.remote.codec.w3c.W3CHttpResponseCodec.decode(W3CHttpResponseCodec.java:138)
	at org.openqa.selenium.remote.codec.w3c.W3CHttpResponseCodec.decode(W3CHttpResponseCodec.java:50)
	at org.openqa.selenium.remote.HttpCommandExecutor.execute(HttpCommandExecutor.java:190)
	at org.openqa.selenium.remote.service.DriverCommandExecutor.invokeExecute(DriverCommandExecutor.java:216)
	at org.openqa.selenium.remote.service.DriverCommandExecutor.execute(DriverCommandExecutor.java:174)
	at org.openqa.selenium.remote.RemoteWebDriver.execute(RemoteWebDriver.java:545)
	at org.openqa.selenium.remote.ElementLocation$ElementFinder$2.findElement(ElementLocation.java:165)
	at org.openqa.selenium.remote.ElementLocation.findElement(ElementLocation.java:59)
	at org.openqa.selenium.remote.RemoteWebDriver.findElement(RemoteWebDriver.java:368)
	at org.openqa.selenium.remote.RemoteWebDriver.findElement(RemoteWebDriver.java:362)
	at org.openqa.selenium.support.pagefactory.DefaultElementLocator.findElement(DefaultElementLocator.java:68)
	at org.openqa.selenium.support.pagefactory.internal.LocatingElementHandler.invoke(LocatingElementHandler.java:38)
	at jdk.proxy2/jdk.proxy2.$Proxy18.click(Unknown Source)
	at pageObject.Homepageobject.clickLogout(Homepageobject.java:107)
	at tests.LoginTesCases.user_clicks_on_logout_link(LoginTesCases.java:116)
	at java.base/jdk.internal.reflect.DirectMethodHandleAccessor.invoke(DirectMethodHandleAccessor.java:103)
	at java.base/java.lang.reflect.Method.invoke(Method.java:580)
	at org.testng.internal.invokers.MethodInvocationHelper.invokeMethod(MethodInvocationHelper.java:141)
	at org.testng.internal.invokers.MethodInvocationHelper.invokeMethodConsideringTimeout(MethodInvocationHelper.java:71)
	at org.testng.internal.invokers.ConfigInvoker.invokeConfigurationMethod(ConfigInvoker.java:400)
	at org.testng.internal.invokers.ConfigInvoker.invokeConfigurations(ConfigInvoker.java:333)
	at org.testng.internal.invokers.TestMethodWorker.invokeAfterClassConfigurations(TestMethodWorker.java:238)
	at org.testng.internal.invokers.TestMethodWorker.invokeAfterClassMethods(TestMethodWorker.java:223)
	at org.testng.internal.invokers.TestMethodWorker.run(TestMethodWorker.java:137)
	at java.base/java.util.concurrent.Executors$RunnableAdapter.call(Executors.java:572)
	at java.base/java.util.concurrent.FutureTask.run(FutureTask.java:317)
	at org.testng.internal.thread.graph.TestNGFutureTask.run(TestNGFutureTask.java:22)
	at java.base/java.util.concurrent.ThreadPoolExecutor.runWorker(ThreadPoolExecutor.java:1144)
	at java.base/java.util.concurrent.ThreadPoolExecutor$Worker.run(ThreadPoolExecutor.java:642)
	at java.base/java.lang.Thread.run(Thread.java:1570)
</pre></div></td>
<td>0</td>
<td>tests.LoginTesCases@78383390</td></tr>
</table><p>
<table width='100%' border='1' class='invocation-skipped'>
<tr><td colspan='4' align='center'><b>SKIPPED CONFIGURATIONS</b></td></tr>
<tr><td><b>Test method</b></td>
<td><b>Attribute(s)</b></td>
<td width="30%"><b>Exception</b></td>
<td width="10%"><b>Time (seconds)</b></td>
<td><b>Instance</b></td>
</tr>
<tr>
<td title='tests.LoginTesCases.tearDown()'><b>tearDown</b><br>Test class: tests.LoginTesCases</td>
<td></td>
<td>0</td>
<td>tests.LoginTesCases@78383390</td></tr>
</table><p>
<table width='100%' border='1' class='invocation-failed'>
<tr><td colspan='4' align='center'><b>FAILED TESTS</b></td></tr>
<tr><td><b>Test method</b></td>
<td><b>Attribute(s)</b></td>
<td width="30%"><b>Exception</b></td>
<td width="10%"><b>Time (seconds)</b></td>
<td><b>Instance</b></td>
</tr>
<tr>
<td title='tests.LoginTesCases.checkInvalidUsernamePassword()'><b>checkInvalidUsernamePassword</b><br>Test class: tests.LoginTesCases</td>
<td><div><pre>org.testng.TestNGException: 
Cannot inject @Test annotated Method [checkInvalidUsernamePassword] with [class java.lang.String, class java.lang.String].
For more information on native dependency injection please refer to https://testng.org/#_dependency_injection
	at java.base/java.util.concurrent.Executors$RunnableAdapter.call(Executors.java:572)
	at java.base/java.util.concurrent.FutureTask.run(FutureTask.java:317)
	at java.base/java.util.concurrent.ThreadPoolExecutor.runWorker(ThreadPoolExecutor.java:1144)
	at java.base/java.util.concurrent.ThreadPoolExecutor$Worker.run(ThreadPoolExecutor.java:642)
	at java.base/java.lang.Thread.run(Thread.java:1570)
... Removed 12 stack frames</pre></div><a href='#' onClick='toggleBox("stack-trace289983432", this, "Click to show all stack frames", "Click to hide stack frames")'>Click to show all stack frames</a>
<div class='stack-trace' id='stack-trace289983432'><pre>org.testng.TestNGException: 
Cannot inject @Test annotated Method [checkInvalidUsernamePassword] with [class java.lang.String, class java.lang.String].
For more information on native dependency injection please refer to https://testng.org/#_dependency_injection
	at org.testng.internal.Parameters.checkParameterTypes(Parameters.java:442)
	at org.testng.internal.Parameters.createParametersForMethod(Parameters.java:347)
	at org.testng.internal.Parameters.createParameters(Parameters.java:699)
	at org.testng.internal.Parameters.handleParameters(Parameters.java:885)
	at org.testng.internal.Parameters.handleParameters(Parameters.java:734)
	at org.testng.internal.invokers.ParameterHandler.handleParameters(ParameterHandler.java:72)
	at org.testng.internal.invokers.ParameterHandler.createParameters(ParameterHandler.java:51)
	at org.testng.internal.invokers.TestInvoker$MethodInvocationAgent.invoke(TestInvoker.java:946)
	at org.testng.internal.invokers.TestInvoker.invokeTestMethods(TestInvoker.java:203)
	at org.testng.internal.invokers.TestMethodWorker.invokeTestMethods(TestMethodWorker.java:154)
	at org.testng.internal.invokers.TestMethodWorker.run(TestMethodWorker.java:134)
	at java.base/java.util.concurrent.Executors$RunnableAdapter.call(Executors.java:572)
	at java.base/java.util.concurrent.FutureTask.run(FutureTask.java:317)
	at org.testng.internal.thread.graph.TestNGFutureTask.run(TestNGFutureTask.java:22)
	at java.base/java.util.concurrent.ThreadPoolExecutor.runWorker(ThreadPoolExecutor.java:1144)
	at java.base/java.util.concurrent.ThreadPoolExecutor$Worker.run(ThreadPoolExecutor.java:642)
	at java.base/java.lang.Thread.run(Thread.java:1570)
</pre></div></td>
<td>0</td>
<td>tests.LoginTesCases@78383390</td></tr>
<tr>
<td title='tests.ArraysTestCases.clickArraysInPythonLink()'><b>clickArraysInPythonLink</b><br>Test class: tests.ArraysTestCases</td>
<td><div><pre>java.lang.AssertionError: expected [Arraysw in Python] but found [Arrays in Python]
	at tests.ArraysTestCases.clickArraysInPythonLink(ArraysTestCases.java:53)
	at java.base/java.util.concurrent.Executors$RunnableAdapter.call(Executors.java:572)
	at java.base/java.util.concurrent.FutureTask.run(FutureTask.java:317)
	at java.base/java.util.concurrent.ThreadPoolExecutor.runWorker(ThreadPoolExecutor.java:1144)
	at java.base/java.util.concurrent.ThreadPoolExecutor$Worker.run(ThreadPoolExecutor.java:642)
	at java.base/java.lang.Thread.run(Thread.java:1570)
... Removed 17 stack frames</pre></div><a href='#' onClick='toggleBox("stack-trace161717241", this, "Click to show all stack frames", "Click to hide stack frames")'>Click to show all stack frames</a>
<div class='stack-trace' id='stack-trace161717241'><pre>java.lang.AssertionError: expected [Arraysw in Python] but found [Arrays in Python]
	at org.testng.Assert.fail(Assert.java:111)
	at org.testng.Assert.failNotEquals(Assert.java:1578)
	at org.testng.Assert.assertEqualsImpl(Assert.java:150)
	at org.testng.Assert.assertEquals(Assert.java:132)
	at org.testng.Assert.assertEquals(Assert.java:656)
	at org.testng.Assert.assertEquals(Assert.java:666)
	at tests.ArraysTestCases.clickArraysInPythonLink(ArraysTestCases.java:53)
	at java.base/jdk.internal.reflect.DirectMethodHandleAccessor.invoke(DirectMethodHandleAccessor.java:103)
	at java.base/java.lang.reflect.Method.invoke(Method.java:580)
	at org.testng.internal.invokers.MethodInvocationHelper.invokeMethod(MethodInvocationHelper.java:141)
	at org.testng.internal.invokers.TestInvoker.invokeMethod(TestInvoker.java:686)
	at org.testng.internal.invokers.TestInvoker.retryFailed(TestInvoker.java:269)
	at org.testng.internal.invokers.MethodRunner.runInSequence(MethodRunner.java:76)
	at org.testng.internal.invokers.TestInvoker$MethodInvocationAgent.invoke(TestInvoker.java:992)
	at org.testng.internal.invokers.TestInvoker.invokeTestMethods(TestInvoker.java:203)
	at org.testng.internal.invokers.TestMethodWorker.invokeTestMethods(TestMethodWorker.java:154)
	at org.testng.internal.invokers.TestMethodWorker.run(TestMethodWorker.java:134)
	at java.base/java.util.concurrent.Executors$RunnableAdapter.call(Executors.java:572)
	at java.base/java.util.concurrent.FutureTask.run(FutureTask.java:317)
	at org.testng.internal.thread.graph.TestNGFutureTask.run(TestNGFutureTask.java:22)
	at java.base/java.util.concurrent.ThreadPoolExecutor.runWorker(ThreadPoolExecutor.java:1144)
	at java.base/java.util.concurrent.ThreadPoolExecutor$Worker.run(ThreadPoolExecutor.java:642)
	at java.base/java.lang.Thread.run(Thread.java:1570)
</pre></div></td>
<td>0</td>
<td>tests.ArraysTestCases@70f59913</td></tr>
</table><p>
<table width='100%' border='1' class='invocation-passed'>
<tr><td colspan='4' align='center'><b>PASSED TESTS</b></td></tr>
<tr><td><b>Test method</b></td>
<td><b>Attribute(s)</b></td>
<td width="30%"><b>Exception</b></td>
<td width="10%"><b>Time (seconds)</b></td>
<td><b>Instance</b></td>
</tr>
<tr>
<td title='tests.HomeTestCases.VerifyBeforeLoginDSgetStarted()'><b>VerifyBeforeLoginDSgetStarted</b><br>Test class: tests.HomeTestCases</td>
<td></td>
<td>0</td>
<td>tests.HomeTestCases@7241a47d</td></tr>
<tr>
<td title='tests.HomeTestCases.VerifyBeforeGraphDSgetStarted()'><b>VerifyBeforeGraphDSgetStarted</b><br>Test class: tests.HomeTestCases</td>
<td></td>
<td>0</td>
<td>tests.HomeTestCases@7241a47d</td></tr>
<tr>
<td title='tests.ArraysTestCases.checkApplicationArrayTryHereLink()'><b>checkApplicationArrayTryHereLink</b><br>Test class: tests.ArraysTestCases</td>
<td></td>
<td>0</td>
<td>tests.ArraysTestCases@70f59913</td></tr>
<tr>
<td title='tests.HomeTestCases.VerifyBeforeQueueDSgetStarted()'><b>VerifyBeforeQueueDSgetStarted</b><br>Test class: tests.HomeTestCases</td>
<td></td>
<td>0</td>
<td>tests.HomeTestCases@7241a47d</td></tr>
<tr>
<td title='tests.ArraysTestCases.verifyClicksFindEvenLink()'><b>verifyClicksFindEvenLink</b><br>Test class: tests.ArraysTestCases</td>
<td></td>
<td>1</td>
<td>tests.ArraysTestCases@70f59913</td></tr>
<tr>
<td title='tests.ArraysTestCases.checkArraysUsingTryHereLink()'><b>checkArraysUsingTryHereLink</b><br>Test class: tests.ArraysTestCases</td>
<td></td>
<td>1</td>
<td>tests.ArraysTestCases@70f59913</td></tr>
<tr>
<td title='tests.HomeTestCases.checkStackGetStartedButton()'><b>checkStackGetStartedButton</b><br>Test class: tests.HomeTestCases</td>
<td></td>
<td>0</td>
<td>tests.HomeTestCases@7241a47d</td></tr>
<tr>
<td title='tests.ArraysTestCases.executeClicksSearchArrayLink()'><b>executeClicksSearchArrayLink</b><br>Test class: tests.ArraysTestCases</td>
<td></td>
<td>0</td>
<td>tests.ArraysTestCases@70f59913</td></tr>
<tr>
<td title='tests.LoginTesCases.checkEmptyUsername()'><b>checkEmptyUsername</b><br>Test class: tests.LoginTesCases</td>
<td></td>
<td>1</td>
<td>tests.LoginTesCases@78383390</td></tr>
<tr>
<td title='tests.ArraysTestCases.clicksSubArraysUsingListLink()'><b>clicksSubArraysUsingListLink</b><br>Test class: tests.ArraysTestCases</td>
<td></td>
<td>0</td>
<td>tests.ArraysTestCases@70f59913</td></tr>
<tr>
<td title='tests.ArraysTestCases.clicksBasicOperationsInListsLink()'><b>clicksBasicOperationsInListsLink</b><br>Test class: tests.ArraysTestCases</td>
<td></td>
<td>1</td>
<td>tests.ArraysTestCases@70f59913</td></tr>
<tr>
<td title='tests.LoginTesCases.checkCorrectUsernamePassword()'><b>checkCorrectUsernamePassword</b><br>Test class: tests.LoginTesCases</td>
<td></td>
<td>0</td>
<td>tests.LoginTesCases@78383390</td></tr>
<tr>
<td title='tests.HomeTestCases.VerifyBeforeStackDSgetStarted()'><b>VerifyBeforeStackDSgetStarted</b><br>Test class: tests.HomeTestCases</td>
<td></td>
<td>0</td>
<td>tests.HomeTestCases@7241a47d</td></tr>
<tr>
<td title='tests.HomeTestCases.checkQueueGetStartedButton()'><b>checkQueueGetStartedButton</b><br>Test class: tests.HomeTestCases</td>
<td></td>
<td>0</td>
<td>tests.HomeTestCases@7241a47d</td></tr>
<tr>
<td title='tests.HomeTestCases.VerifyBeforeArraygetStarted()'><b>VerifyBeforeArraygetStarted</b><br>Test class: tests.HomeTestCases</td>
<td></td>
<td>0</td>
<td>tests.HomeTestCases@7241a47d</td></tr>
<tr>
<td title='tests.HomeTestCases.checkGraphGetStartedButton()'><b>checkGraphGetStartedButton</b><br>Test class: tests.HomeTestCases</td>
<td></td>
<td>0</td>
<td>tests.HomeTestCases@7241a47d</td></tr>
<tr>
<td title='tests.ArraysTestCases.verifyClicksMaxConsecutiveOnesLink()'><b>verifyClicksMaxConsecutiveOnesLink</b><br>Test class: tests.ArraysTestCases</td>
<td></td>
<td>2</td>
<td>tests.ArraysTestCases@70f59913</td></tr>
<tr>
<td title='tests.ArraysTestCases.clicksSubPracticeLink()'><b>clicksSubPracticeLink</b><br>Test class: tests.ArraysTestCases</td>
<td></td>
<td>1</td>
<td>tests.ArraysTestCases@70f59913</td></tr>
<tr>
<td title='tests.ArraysTestCases.checkBasicOperationsTryHereLink()'><b>checkBasicOperationsTryHereLink</b><br>Test class: tests.ArraysTestCases</td>
<td></td>
<td>0</td>
<td>tests.ArraysTestCases@70f59913</td></tr>
<tr>
<td title='tests.ArraysTestCases.clickApplicationArrayTryHereLink()'><b>clickApplicationArrayTryHereLink</b><br>Test class: tests.ArraysTestCases</td>
<td></td>
<td>0</td>
<td>tests.ArraysTestCases@70f59913</td></tr>
<tr>
<td title='tests.HomeTestCases.VerifyBeforeTreeDSgetStarted()'><b>VerifyBeforeTreeDSgetStarted</b><br>Test class: tests.HomeTestCases</td>
<td></td>
<td>0</td>
<td>tests.HomeTestCases@7241a47d</td></tr>
<tr>
<td title='tests.ArraysTestCases.clicksApplicationsOfArrayLink()'><b>clicksApplicationsOfArrayLink</b><br>Test class: tests.ArraysTestCases</td>
<td></td>
<td>1</td>
<td>tests.ArraysTestCases@70f59913</td></tr>
<tr>
<td title='tests.HomeTestCases.checkTreeGetStartedButton()'><b>checkTreeGetStartedButton</b><br>Test class: tests.HomeTestCases</td>
<td></td>
<td>0</td>
<td>tests.HomeTestCases@7241a47d</td></tr>
<tr>
<td title='tests.ArraysTestCases.clicksArraysUsingListLink()'><b>clicksArraysUsingListLink</b><br>Test class: tests.ArraysTestCases</td>
<td></td>
<td>1</td>
<td>tests.ArraysTestCases@70f59913</td></tr>
<tr>
<td title='tests.ArraysTestCases.clicksArraysUsingTryHereLink()'><b>clicksArraysUsingTryHereLink</b><br>Test class: tests.ArraysTestCases</td>
<td></td>
<td>0</td>
<td>tests.ArraysTestCases@70f59913</td></tr>
<tr>
<td title='tests.ArraysTestCases.checkArraysPhythonTryHereLink()'><b>checkArraysPhythonTryHereLink</b><br>Test class: tests.ArraysTestCases</td>
<td></td>
<td>0</td>
<td>tests.ArraysTestCases@70f59913</td></tr>
<tr>
<td title='tests.HomeTestCases.checkLinkedGetStartedButton()'><b>checkLinkedGetStartedButton</b><br>Test class: tests.HomeTestCases</td>
<td></td>
<td>0</td>
<td>tests.HomeTestCases@7241a47d</td></tr>
<tr>
<td title='tests.HomeTestCases.checkArrayGetStartedButton()'><b>checkArrayGetStartedButton</b><br>Test class: tests.HomeTestCases</td>
<td></td>
<td>0</td>
<td>tests.HomeTestCases@7241a47d</td></tr>
<tr>
<td title='tests.ArraysTestCases.VerifySearchArrayLink()'><b>VerifySearchArrayLink</b><br>Test class: tests.ArraysTestCases</td>
<td></td>
<td>0</td>
<td>tests.ArraysTestCases@70f59913</td></tr>
<tr>
<td title='tests.HomeTestCases.user_clicks_on_sign_in_link()'><b>user_clicks_on_sign_in_link</b><br>Test class: tests.HomeTestCases</td>
<td></td>
<td>1</td>
<td>tests.HomeTestCases@7241a47d</td></tr>
<tr>
<td title='tests.HomeTestCases.clickRegisterLink()'><b>clickRegisterLink</b><br>Test class: tests.HomeTestCases</td>
<td></td>
<td>0</td>
<td>tests.HomeTestCases@7241a47d</td></tr>
<tr>
<td title='tests.ArraysTestCases.clicksSubArraysInPythonLink()'><b>clicksSubArraysInPythonLink</b><br>Test class: tests.ArraysTestCases</td>
<td></td>
<td>0</td>
<td>tests.ArraysTestCases@70f59913</td></tr>
<tr>
<td title='tests.HomeTestCases.executeRegister()'><b>executeRegister</b><br>Test class: tests.HomeTestCases</td>
<td></td>
<td>0</td>
<td>tests.HomeTestCases@7241a47d</td></tr>
<tr>
<td title='tests.ArraysTestCases.clicksBasicOperationsTryHereLink()'><b>clicksBasicOperationsTryHereLink</b><br>Test class: tests.ArraysTestCases</td>
<td></td>
<td>0</td>
<td>tests.ArraysTestCases@70f59913</td></tr>
<tr>
<td title='tests.ArraysTestCases.verifySortedArrayLink()'><b>verifySortedArrayLink</b><br>Test class: tests.ArraysTestCases</td>
<td></td>
<td>1</td>
<td>tests.ArraysTestCases@70f59913</td></tr>
<tr>
<td title='tests.ArraysTestCases.executeClicksFindEvenLink()'><b>executeClicksFindEvenLink</b><br>Test class: tests.ArraysTestCases</td>
<td></td>
<td>0</td>
<td>tests.ArraysTestCases@70f59913</td></tr>
<tr>
<td title='tests.ArraysTestCases.clicksSubBasicOperationsInListsLink()'><b>clicksSubBasicOperationsInListsLink</b><br>Test class: tests.ArraysTestCases</td>
<td></td>
<td>0</td>
<td>tests.ArraysTestCases@70f59913</td></tr>
<tr>
<td title='tests.HomeTestCases.clicksGetStartedButton()'><b>clicksGetStartedButton</b><br>Test class: tests.HomeTestCases</td>
<td></td>
<td>0</td>
<td>tests.HomeTestCases@7241a47d</td></tr>
<tr>
<td title='tests.ArraysTestCases.executeClicksSortedArrayLink()'><b>executeClicksSortedArrayLink</b><br>Test class: tests.ArraysTestCases</td>
<td></td>
<td>0</td>
<td>tests.ArraysTestCases@70f59913</td></tr>
<tr>
<td title='tests.HomeTestCases.VerifyBeforeLinkedDSgetStarted()'><b>VerifyBeforeLinkedDSgetStarted</b><br>Test class: tests.HomeTestCases</td>
<td></td>
<td>0</td>
<td>tests.HomeTestCases@7241a47d</td></tr>
<tr>
<td title='tests.ArraysTestCases.clicksArraysPhythonTryHereLink()'><b>clicksArraysPhythonTryHereLink</b><br>Test class: tests.ArraysTestCases</td>
<td></td>
<td>0</td>
<td>tests.ArraysTestCases@70f59913</td></tr>
<tr>
<td title='tests.ArraysTestCases.clicksSubApplicationsOfArrayLink()'><b>clicksSubApplicationsOfArrayLink</b><br>Test class: tests.ArraysTestCases</td>
<td></td>
<td>0</td>
<td>tests.ArraysTestCases@70f59913</td></tr>
<tr>
<td title='tests.ArraysTestCases.executeClicksMaxConsecutiveOnesLink()'><b>executeClicksMaxConsecutiveOnesLink</b><br>Test class: tests.ArraysTestCases</td>
<td></td>
<td>0</td>
<td>tests.ArraysTestCases@70f59913</td></tr>
</table><p>
<table width='100%' border='1' class='invocation-skipped'>
<tr><td colspan='4' align='center'><b>SKIPPED TESTS</b></td></tr>
<tr><td><b>Test method</b></td>
<td><b>Attribute(s)</b></td>
<td width="30%"><b>Exception</b></td>
<td width="10%"><b>Time (seconds)</b></td>
<td><b>Instance</b></td>
</tr>
<tr>
<td title='tests.ArraysTestCases.clickArraysInPythonLink()'><b>clickArraysInPythonLink</b><br>Test class: tests.ArraysTestCases</td>
<td><div><pre>java.lang.AssertionError: expected [Arraysw in Python] but found [Arrays in Python]
	at tests.ArraysTestCases.clickArraysInPythonLink(ArraysTestCases.java:53)
	at java.base/java.util.concurrent.Executors$RunnableAdapter.call(Executors.java:572)
	at java.base/java.util.concurrent.FutureTask.run(FutureTask.java:317)
	at java.base/java.util.concurrent.ThreadPoolExecutor.runWorker(ThreadPoolExecutor.java:1144)
	at java.base/java.util.concurrent.ThreadPoolExecutor$Worker.run(ThreadPoolExecutor.java:642)
	at java.base/java.lang.Thread.run(Thread.java:1570)
... Removed 17 stack frames</pre></div><a href='#' onClick='toggleBox("stack-trace2080071944", this, "Click to show all stack frames", "Click to hide stack frames")'>Click to show all stack frames</a>
<div class='stack-trace' id='stack-trace2080071944'><pre>java.lang.AssertionError: expected [Arraysw in Python] but found [Arrays in Python]
	at org.testng.Assert.fail(Assert.java:111)
	at org.testng.Assert.failNotEquals(Assert.java:1578)
	at org.testng.Assert.assertEqualsImpl(Assert.java:150)
	at org.testng.Assert.assertEquals(Assert.java:132)
	at org.testng.Assert.assertEquals(Assert.java:656)
	at org.testng.Assert.assertEquals(Assert.java:666)
	at tests.ArraysTestCases.clickArraysInPythonLink(ArraysTestCases.java:53)
	at java.base/jdk.internal.reflect.DirectMethodHandleAccessor.invoke(DirectMethodHandleAccessor.java:103)
	at java.base/java.lang.reflect.Method.invoke(Method.java:580)
	at org.testng.internal.invokers.MethodInvocationHelper.invokeMethod(MethodInvocationHelper.java:141)
	at org.testng.internal.invokers.TestInvoker.invokeMethod(TestInvoker.java:686)
	at org.testng.internal.invokers.TestInvoker.retryFailed(TestInvoker.java:269)
	at org.testng.internal.invokers.MethodRunner.runInSequence(MethodRunner.java:76)
	at org.testng.internal.invokers.TestInvoker$MethodInvocationAgent.invoke(TestInvoker.java:992)
	at org.testng.internal.invokers.TestInvoker.invokeTestMethods(TestInvoker.java:203)
	at org.testng.internal.invokers.TestMethodWorker.invokeTestMethods(TestMethodWorker.java:154)
	at org.testng.internal.invokers.TestMethodWorker.run(TestMethodWorker.java:134)
	at java.base/java.util.concurrent.Executors$RunnableAdapter.call(Executors.java:572)
	at java.base/java.util.concurrent.FutureTask.run(FutureTask.java:317)
	at org.testng.internal.thread.graph.TestNGFutureTask.run(TestNGFutureTask.java:22)
	at java.base/java.util.concurrent.ThreadPoolExecutor.runWorker(ThreadPoolExecutor.java:1144)
	at java.base/java.util.concurrent.ThreadPoolExecutor$Worker.run(ThreadPoolExecutor.java:642)
	at java.base/java.lang.Thread.run(Thread.java:1570)
</pre></div></td>
<td>0</td>
<td>tests.ArraysTestCases@70f59913</td></tr>
<tr>
<td title='tests.ArraysTestCases.clickArraysInPythonLink()'><b>clickArraysInPythonLink</b><br>Test class: tests.ArraysTestCases</td>
<td><div><pre>java.lang.AssertionError: expected [Arraysw in Python] but found [Arrays in Python]
	at tests.ArraysTestCases.clickArraysInPythonLink(ArraysTestCases.java:53)
	at java.base/java.util.concurrent.Executors$RunnableAdapter.call(Executors.java:572)
	at java.base/java.util.concurrent.FutureTask.run(FutureTask.java:317)
	at java.base/java.util.concurrent.ThreadPoolExecutor.runWorker(ThreadPoolExecutor.java:1144)
	at java.base/java.util.concurrent.ThreadPoolExecutor$Worker.run(ThreadPoolExecutor.java:642)
	at java.base/java.lang.Thread.run(Thread.java:1570)
... Removed 17 stack frames</pre></div><a href='#' onClick='toggleBox("stack-trace1533790990", this, "Click to show all stack frames", "Click to hide stack frames")'>Click to show all stack frames</a>
<div class='stack-trace' id='stack-trace1533790990'><pre>java.lang.AssertionError: expected [Arraysw in Python] but found [Arrays in Python]
	at org.testng.Assert.fail(Assert.java:111)
	at org.testng.Assert.failNotEquals(Assert.java:1578)
	at org.testng.Assert.assertEqualsImpl(Assert.java:150)
	at org.testng.Assert.assertEquals(Assert.java:132)
	at org.testng.Assert.assertEquals(Assert.java:656)
	at org.testng.Assert.assertEquals(Assert.java:666)
	at tests.ArraysTestCases.clickArraysInPythonLink(ArraysTestCases.java:53)
	at java.base/jdk.internal.reflect.DirectMethodHandleAccessor.invoke(DirectMethodHandleAccessor.java:103)
	at java.base/java.lang.reflect.Method.invoke(Method.java:580)
	at org.testng.internal.invokers.MethodInvocationHelper.invokeMethod(MethodInvocationHelper.java:141)
	at org.testng.internal.invokers.TestInvoker.invokeMethod(TestInvoker.java:686)
	at org.testng.internal.invokers.TestInvoker.retryFailed(TestInvoker.java:269)
	at org.testng.internal.invokers.MethodRunner.runInSequence(MethodRunner.java:76)
	at org.testng.internal.invokers.TestInvoker$MethodInvocationAgent.invoke(TestInvoker.java:992)
	at org.testng.internal.invokers.TestInvoker.invokeTestMethods(TestInvoker.java:203)
	at org.testng.internal.invokers.TestMethodWorker.invokeTestMethods(TestMethodWorker.java:154)
	at org.testng.internal.invokers.TestMethodWorker.run(TestMethodWorker.java:134)
	at java.base/java.util.concurrent.Executors$RunnableAdapter.call(Executors.java:572)
	at java.base/java.util.concurrent.FutureTask.run(FutureTask.java:317)
	at org.testng.internal.thread.graph.TestNGFutureTask.run(TestNGFutureTask.java:22)
	at java.base/java.util.concurrent.ThreadPoolExecutor.runWorker(ThreadPoolExecutor.java:1144)
	at java.base/java.util.concurrent.ThreadPoolExecutor$Worker.run(ThreadPoolExecutor.java:642)
	at java.base/java.lang.Thread.run(Thread.java:1570)
</pre></div></td>
<td>0</td>
<td>tests.ArraysTestCases@70f59913</td></tr>
<tr>
<td title='tests.ArraysTestCases.clickArraysInPythonLink()'><b>clickArraysInPythonLink</b><br>Test class: tests.ArraysTestCases</td>
<td><div><pre>java.lang.AssertionError: expected [Arraysw in Python] but found [Arrays in Python]
	at tests.ArraysTestCases.clickArraysInPythonLink(ArraysTestCases.java:53)
	at java.base/java.util.concurrent.Executors$RunnableAdapter.call(Executors.java:572)
	at java.base/java.util.concurrent.FutureTask.run(FutureTask.java:317)
	at java.base/java.util.concurrent.ThreadPoolExecutor.runWorker(ThreadPoolExecutor.java:1144)
	at java.base/java.util.concurrent.ThreadPoolExecutor$Worker.run(ThreadPoolExecutor.java:642)
	at java.base/java.lang.Thread.run(Thread.java:1570)
... Removed 17 stack frames</pre></div><a href='#' onClick='toggleBox("stack-trace508731837", this, "Click to show all stack frames", "Click to hide stack frames")'>Click to show all stack frames</a>
<div class='stack-trace' id='stack-trace508731837'><pre>java.lang.AssertionError: expected [Arraysw in Python] but found [Arrays in Python]
	at org.testng.Assert.fail(Assert.java:111)
	at org.testng.Assert.failNotEquals(Assert.java:1578)
	at org.testng.Assert.assertEqualsImpl(Assert.java:150)
	at org.testng.Assert.assertEquals(Assert.java:132)
	at org.testng.Assert.assertEquals(Assert.java:656)
	at org.testng.Assert.assertEquals(Assert.java:666)
	at tests.ArraysTestCases.clickArraysInPythonLink(ArraysTestCases.java:53)
	at java.base/jdk.internal.reflect.DirectMethodHandleAccessor.invoke(DirectMethodHandleAccessor.java:103)
	at java.base/java.lang.reflect.Method.invoke(Method.java:580)
	at org.testng.internal.invokers.MethodInvocationHelper.invokeMethod(MethodInvocationHelper.java:141)
	at org.testng.internal.invokers.TestInvoker.invokeMethod(TestInvoker.java:686)
	at org.testng.internal.invokers.TestInvoker.invokeTestMethod(TestInvoker.java:230)
	at org.testng.internal.invokers.MethodRunner.runInSequence(MethodRunner.java:63)
	at org.testng.internal.invokers.TestInvoker$MethodInvocationAgent.invoke(TestInvoker.java:992)
	at org.testng.internal.invokers.TestInvoker.invokeTestMethods(TestInvoker.java:203)
	at org.testng.internal.invokers.TestMethodWorker.invokeTestMethods(TestMethodWorker.java:154)
	at org.testng.internal.invokers.TestMethodWorker.run(TestMethodWorker.java:134)
	at java.base/java.util.concurrent.Executors$RunnableAdapter.call(Executors.java:572)
	at java.base/java.util.concurrent.FutureTask.run(FutureTask.java:317)
	at org.testng.internal.thread.graph.TestNGFutureTask.run(TestNGFutureTask.java:22)
	at java.base/java.util.concurrent.ThreadPoolExecutor.runWorker(ThreadPoolExecutor.java:1144)
	at java.base/java.util.concurrent.ThreadPoolExecutor$Worker.run(ThreadPoolExecutor.java:642)
	at java.base/java.lang.Thread.run(Thread.java:1570)
</pre></div></td>
<td>1</td>
<td>tests.ArraysTestCases@70f59913</td></tr>
</table><p>
</body>
</html>