<?xml version="1.0" encoding="UTF-8"?>
<testng-results retried="9" ignored="9" total="185" passed="153" failed="4" skipped="10">
  <reporter-output>
  </reporter-output>
  <suite started-at="2024-12-16T14:25:58 GMT-05:00" name="Suite1" finished-at="2024-12-16T14:27:09 GMT-05:00" duration-ms="71507">
    <groups>
    </groups>
    <test started-at="2024-12-16T14:25:58 GMT-05:00" name="TestChrome" finished-at="2024-12-16T14:26:27 GMT-05:00" duration-ms="29232">
      <class name="tests.LoginTesCases">
        <test-method is-config="true" signature="setUp()[pri:0, instance:tests.LoginTesCases@4748a0f9]" started-at="2024-12-16T14:25:58 GMT-05:00" name="setUp" finished-at="2024-12-16T14:25:59 GMT-05:00" duration-ms="802" status="PASS">
          <reporter-output>
          </reporter-output>
        </test-method> <!-- setUp -->
        <test-method retried="true" signature="checkEmptyUsername()[pri:1, instance:tests.LoginTesCases@4748a0f9]" started-at="2024-12-16T14:25:59 GMT-05:00" name="checkEmptyUsername" finished-at="2024-12-16T14:25:59 GMT-05:00" duration-ms="54" status="SKIP">
          <exception class="java.lang.NullPointerException">
            <message>
              <![CDATA[Cannot invoke "org.openqa.selenium.WebDriver.get(String)" because "this.driver" is null]]>
            </message>
            <full-stacktrace>
              <![CDATA[java.lang.NullPointerException: Cannot invoke "org.openqa.selenium.WebDriver.get(String)" because "this.driver" is null
at tests.LoginTesCases.checkEmptyUsername(LoginTesCases.java:52)
at java.base/jdk.internal.reflect.DirectMethodHandleAccessor.invoke(DirectMethodHandleAccessor.java:103)
at java.base/java.lang.reflect.Method.invoke(Method.java:580)
at org.testng.internal.invokers.MethodInvocationHelper.invokeMethod(MethodInvocationHelper.java:141)
at org.testng.internal.invokers.TestInvoker.invokeMethod(TestInvoker.java:686)
at org.testng.internal.invokers.TestInvoker.invokeTestMethod(TestInvoker.java:230)
at org.testng.internal.invokers.MethodRunner.runInSequence(MethodRunner.java:63)
at org.testng.internal.invokers.TestInvoker$MethodInvocationAgent.invoke(TestInvoker.java:992)
at org.testng.internal.invokers.TestInvoker.invokeTestMethods(TestInvoker.java:203)
at org.testng.internal.invokers.TestMethodWorker.invokeTestMethods(TestMethodWorker.java:154)
at org.testng.internal.invokers.TestMethodWorker.run(TestMethodWorker.java:134)
at java.base/java.util.concurrent.Executors$RunnableAdapter.call(Executors.java:572)
at java.base/java.util.concurrent.FutureTask.run(FutureTask.java:317)
at org.testng.internal.thread.graph.TestNGFutureTask.run(TestNGFutureTask.java:22)
at java.base/java.util.concurrent.ThreadPoolExecutor.runWorker(ThreadPoolExecutor.java:1144)
at java.base/java.util.concurrent.ThreadPoolExecutor$Worker.run(ThreadPoolExecutor.java:642)
at java.base/java.lang.Thread.run(Thread.java:1570)
]]>
            </full-stacktrace>
          </exception> <!-- java.lang.NullPointerException -->
          <reporter-output>
          </reporter-output>
        </test-method> <!-- checkEmptyUsername -->
        <test-method retried="true" signature="checkEmptyUsername()[pri:1, instance:tests.LoginTesCases@4748a0f9]" started-at="2024-12-16T14:25:59 GMT-05:00" name="checkEmptyUsername" finished-at="2024-12-16T14:25:59 GMT-05:00" duration-ms="4" status="SKIP">
          <exception class="java.lang.NullPointerException">
            <message>
              <![CDATA[Cannot invoke "org.openqa.selenium.WebDriver.get(String)" because "this.driver" is null]]>
            </message>
            <full-stacktrace>
              <![CDATA[java.lang.NullPointerException: Cannot invoke "org.openqa.selenium.WebDriver.get(String)" because "this.driver" is null
at tests.LoginTesCases.checkEmptyUsername(LoginTesCases.java:52)
at java.base/jdk.internal.reflect.DirectMethodHandleAccessor.invoke(DirectMethodHandleAccessor.java:103)
at java.base/java.lang.reflect.Method.invoke(Method.java:580)
at org.testng.internal.invokers.MethodInvocationHelper.invokeMethod(MethodInvocationHelper.java:141)
at org.testng.internal.invokers.TestInvoker.invokeMethod(TestInvoker.java:686)
at org.testng.internal.invokers.TestInvoker.retryFailed(TestInvoker.java:269)
at org.testng.internal.invokers.MethodRunner.runInSequence(MethodRunner.java:76)
at org.testng.internal.invokers.TestInvoker$MethodInvocationAgent.invoke(TestInvoker.java:992)
at org.testng.internal.invokers.TestInvoker.invokeTestMethods(TestInvoker.java:203)
at org.testng.internal.invokers.TestMethodWorker.invokeTestMethods(TestMethodWorker.java:154)
at org.testng.internal.invokers.TestMethodWorker.run(TestMethodWorker.java:134)
at java.base/java.util.concurrent.Executors$RunnableAdapter.call(Executors.java:572)
at java.base/java.util.concurrent.FutureTask.run(FutureTask.java:317)
at org.testng.internal.thread.graph.TestNGFutureTask.run(TestNGFutureTask.java:22)
at java.base/java.util.concurrent.ThreadPoolExecutor.runWorker(ThreadPoolExecutor.java:1144)
at java.base/java.util.concurrent.ThreadPoolExecutor$Worker.run(ThreadPoolExecutor.java:642)
at java.base/java.lang.Thread.run(Thread.java:1570)
]]>
            </full-stacktrace>
          </exception> <!-- java.lang.NullPointerException -->
          <reporter-output>
          </reporter-output>
        </test-method> <!-- checkEmptyUsername -->
        <test-method retried="true" signature="checkEmptyUsername()[pri:1, instance:tests.LoginTesCases@4748a0f9]" started-at="2024-12-16T14:25:59 GMT-05:00" name="checkEmptyUsername" finished-at="2024-12-16T14:25:59 GMT-05:00" duration-ms="3" status="SKIP">
          <exception class="java.lang.NullPointerException">
            <message>
              <![CDATA[Cannot invoke "org.openqa.selenium.WebDriver.get(String)" because "this.driver" is null]]>
            </message>
            <full-stacktrace>
              <![CDATA[java.lang.NullPointerException: Cannot invoke "org.openqa.selenium.WebDriver.get(String)" because "this.driver" is null
at tests.LoginTesCases.checkEmptyUsername(LoginTesCases.java:52)
at java.base/jdk.internal.reflect.DirectMethodHandleAccessor.invoke(DirectMethodHandleAccessor.java:103)
at java.base/java.lang.reflect.Method.invoke(Method.java:580)
at org.testng.internal.invokers.MethodInvocationHelper.invokeMethod(MethodInvocationHelper.java:141)
at org.testng.internal.invokers.TestInvoker.invokeMethod(TestInvoker.java:686)
at org.testng.internal.invokers.TestInvoker.retryFailed(TestInvoker.java:269)
at org.testng.internal.invokers.MethodRunner.runInSequence(MethodRunner.java:76)
at org.testng.internal.invokers.TestInvoker$MethodInvocationAgent.invoke(TestInvoker.java:992)
at org.testng.internal.invokers.TestInvoker.invokeTestMethods(TestInvoker.java:203)
at org.testng.internal.invokers.TestMethodWorker.invokeTestMethods(TestMethodWorker.java:154)
at org.testng.internal.invokers.TestMethodWorker.run(TestMethodWorker.java:134)
at java.base/java.util.concurrent.Executors$RunnableAdapter.call(Executors.java:572)
at java.base/java.util.concurrent.FutureTask.run(FutureTask.java:317)
at org.testng.internal.thread.graph.TestNGFutureTask.run(TestNGFutureTask.java:22)
at java.base/java.util.concurrent.ThreadPoolExecutor.runWorker(ThreadPoolExecutor.java:1144)
at java.base/java.util.concurrent.ThreadPoolExecutor$Worker.run(ThreadPoolExecutor.java:642)
at java.base/java.lang.Thread.run(Thread.java:1570)
]]>
            </full-stacktrace>
          </exception> <!-- java.lang.NullPointerException -->
          <reporter-output>
          </reporter-output>
        </test-method> <!-- checkEmptyUsername -->
        <test-method signature="checkEmptyUsername()[pri:1, instance:tests.LoginTesCases@4748a0f9]" started-at="2024-12-16T14:25:59 GMT-05:00" name="checkEmptyUsername" finished-at="2024-12-16T14:25:59 GMT-05:00" duration-ms="4" status="FAIL">
          <exception class="java.lang.NullPointerException">
            <message>
              <![CDATA[Cannot invoke "org.openqa.selenium.WebDriver.get(String)" because "this.driver" is null]]>
            </message>
            <full-stacktrace>
              <![CDATA[java.lang.NullPointerException: Cannot invoke "org.openqa.selenium.WebDriver.get(String)" because "this.driver" is null
at tests.LoginTesCases.checkEmptyUsername(LoginTesCases.java:52)
at java.base/jdk.internal.reflect.DirectMethodHandleAccessor.invoke(DirectMethodHandleAccessor.java:103)
at java.base/java.lang.reflect.Method.invoke(Method.java:580)
at org.testng.internal.invokers.MethodInvocationHelper.invokeMethod(MethodInvocationHelper.java:141)
at org.testng.internal.invokers.TestInvoker.invokeMethod(TestInvoker.java:686)
at org.testng.internal.invokers.TestInvoker.retryFailed(TestInvoker.java:269)
at org.testng.internal.invokers.MethodRunner.runInSequence(MethodRunner.java:76)
at org.testng.internal.invokers.TestInvoker$MethodInvocationAgent.invoke(TestInvoker.java:992)
at org.testng.internal.invokers.TestInvoker.invokeTestMethods(TestInvoker.java:203)
at org.testng.internal.invokers.TestMethodWorker.invokeTestMethods(TestMethodWorker.java:154)
at org.testng.internal.invokers.TestMethodWorker.run(TestMethodWorker.java:134)
at java.base/java.util.concurrent.Executors$RunnableAdapter.call(Executors.java:572)
at java.base/java.util.concurrent.FutureTask.run(FutureTask.java:317)
at org.testng.internal.thread.graph.TestNGFutureTask.run(TestNGFutureTask.java:22)
at java.base/java.util.concurrent.ThreadPoolExecutor.runWorker(ThreadPoolExecutor.java:1144)
at java.base/java.util.concurrent.ThreadPoolExecutor$Worker.run(ThreadPoolExecutor.java:642)
at java.base/java.lang.Thread.run(Thread.java:1570)
]]>
            </full-stacktrace>
          </exception> <!-- java.lang.NullPointerException -->
          <reporter-output>
          </reporter-output>
        </test-method> <!-- checkEmptyUsername -->
        <test-method signature="checkInvalidUsernamePassword(java.lang.String,java.lang.String)[pri:3, instance:tests.LoginTesCases@4748a0f9]" started-at="2024-12-16T14:25:59 GMT-05:00" name="checkInvalidUsernamePassword" finished-at="2024-12-16T14:25:59 GMT-05:00" duration-ms="0" status="FAIL">
          <exception class="org.testng.TestNGException">
            <message>
              <![CDATA[
Cannot inject @Test annotated Method [checkInvalidUsernamePassword] with [class java.lang.String, class java.lang.String].
For more information on native dependency injection please refer to https://testng.org/#_dependency_injection]]>
            </message>
            <full-stacktrace>
              <![CDATA[org.testng.TestNGException: 
Cannot inject @Test annotated Method [checkInvalidUsernamePassword] with [class java.lang.String, class java.lang.String].
For more information on native dependency injection please refer to https://testng.org/#_dependency_injection
at org.testng.internal.Parameters.checkParameterTypes(Parameters.java:442)
at org.testng.internal.Parameters.createParametersForMethod(Parameters.java:347)
at org.testng.internal.Parameters.createParameters(Parameters.java:699)
at org.testng.internal.Parameters.handleParameters(Parameters.java:885)
at org.testng.internal.Parameters.handleParameters(Parameters.java:734)
at org.testng.internal.invokers.ParameterHandler.handleParameters(ParameterHandler.java:72)
at org.testng.internal.invokers.ParameterHandler.createParameters(ParameterHandler.java:51)
at org.testng.internal.invokers.TestInvoker$MethodInvocationAgent.invoke(TestInvoker.java:946)
at org.testng.internal.invokers.TestInvoker.invokeTestMethods(TestInvoker.java:203)
at org.testng.internal.invokers.TestMethodWorker.invokeTestMethods(TestMethodWorker.java:154)
at org.testng.internal.invokers.TestMethodWorker.run(TestMethodWorker.java:134)
at java.base/java.util.concurrent.Executors$RunnableAdapter.call(Executors.java:572)
at java.base/java.util.concurrent.FutureTask.run(FutureTask.java:317)
at org.testng.internal.thread.graph.TestNGFutureTask.run(TestNGFutureTask.java:22)
at java.base/java.util.concurrent.ThreadPoolExecutor.runWorker(ThreadPoolExecutor.java:1144)
at java.base/java.util.concurrent.ThreadPoolExecutor$Worker.run(ThreadPoolExecutor.java:642)
at java.base/java.lang.Thread.run(Thread.java:1570)
]]>
            </full-stacktrace>
          </exception> <!-- org.testng.TestNGException -->
          <reporter-output>
          </reporter-output>
        </test-method> <!-- checkInvalidUsernamePassword -->
        <test-method retried="true" signature="checkCorrectUsernamePassword()[pri:4, instance:tests.LoginTesCases@4748a0f9]" started-at="2024-12-16T14:26:00 GMT-05:00" name="checkCorrectUsernamePassword" finished-at="2024-12-16T14:26:00 GMT-05:00" duration-ms="69" status="SKIP">
          <exception class="java.lang.NullPointerException">
            <message>
              <![CDATA[Cannot invoke "org.openqa.selenium.SearchContext.findElement(org.openqa.selenium.By)" because "this.searchContext" is null]]>
            </message>
            <full-stacktrace>
              <![CDATA[java.lang.NullPointerException: Cannot invoke "org.openqa.selenium.SearchContext.findElement(org.openqa.selenium.By)" because "this.searchContext" is null
at org.openqa.selenium.support.pagefactory.DefaultElementLocator.findElement(DefaultElementLocator.java:68)
at org.openqa.selenium.support.pagefactory.internal.LocatingElementHandler.invoke(LocatingElementHandler.java:38)
at jdk.proxy2/jdk.proxy2.$Proxy18.sendKeys(Unknown Source)
at pageObject.LoginPageObject.setUsername(LoginPageObject.java:37)
at tests.LoginTesCases.checkCorrectUsernamePassword(LoginTesCases.java:107)
at java.base/jdk.internal.reflect.DirectMethodHandleAccessor.invoke(DirectMethodHandleAccessor.java:103)
at java.base/java.lang.reflect.Method.invoke(Method.java:580)
at org.testng.internal.invokers.MethodInvocationHelper.invokeMethod(MethodInvocationHelper.java:141)
at org.testng.internal.invokers.TestInvoker.invokeMethod(TestInvoker.java:686)
at org.testng.internal.invokers.TestInvoker.invokeTestMethod(TestInvoker.java:230)
at org.testng.internal.invokers.MethodRunner.runInSequence(MethodRunner.java:63)
at org.testng.internal.invokers.TestInvoker$MethodInvocationAgent.invoke(TestInvoker.java:992)
at org.testng.internal.invokers.TestInvoker.invokeTestMethods(TestInvoker.java:203)
at org.testng.internal.invokers.TestMethodWorker.invokeTestMethods(TestMethodWorker.java:154)
at org.testng.internal.invokers.TestMethodWorker.run(TestMethodWorker.java:134)
at java.base/java.util.concurrent.Executors$RunnableAdapter.call(Executors.java:572)
at java.base/java.util.concurrent.FutureTask.run(FutureTask.java:317)
at org.testng.internal.thread.graph.TestNGFutureTask.run(TestNGFutureTask.java:22)
at java.base/java.util.concurrent.ThreadPoolExecutor.runWorker(ThreadPoolExecutor.java:1144)
at java.base/java.util.concurrent.ThreadPoolExecutor$Worker.run(ThreadPoolExecutor.java:642)
at java.base/java.lang.Thread.run(Thread.java:1570)
]]>
            </full-stacktrace>
          </exception> <!-- java.lang.NullPointerException -->
          <reporter-output>
          </reporter-output>
        </test-method> <!-- checkCorrectUsernamePassword -->
        <test-method retried="true" signature="checkCorrectUsernamePassword()[pri:4, instance:tests.LoginTesCases@4748a0f9]" started-at="2024-12-16T14:26:00 GMT-05:00" name="checkCorrectUsernamePassword" finished-at="2024-12-16T14:26:00 GMT-05:00" duration-ms="23" status="SKIP">
          <exception class="java.lang.NullPointerException">
            <message>
              <![CDATA[Cannot invoke "org.openqa.selenium.SearchContext.findElement(org.openqa.selenium.By)" because "this.searchContext" is null]]>
            </message>
            <full-stacktrace>
              <![CDATA[java.lang.NullPointerException: Cannot invoke "org.openqa.selenium.SearchContext.findElement(org.openqa.selenium.By)" because "this.searchContext" is null
at org.openqa.selenium.support.pagefactory.DefaultElementLocator.findElement(DefaultElementLocator.java:68)
at org.openqa.selenium.support.pagefactory.internal.LocatingElementHandler.invoke(LocatingElementHandler.java:38)
at jdk.proxy2/jdk.proxy2.$Proxy18.sendKeys(Unknown Source)
at pageObject.LoginPageObject.setUsername(LoginPageObject.java:37)
at tests.LoginTesCases.checkCorrectUsernamePassword(LoginTesCases.java:107)
at java.base/jdk.internal.reflect.DirectMethodHandleAccessor.invoke(DirectMethodHandleAccessor.java:103)
at java.base/java.lang.reflect.Method.invoke(Method.java:580)
at org.testng.internal.invokers.MethodInvocationHelper.invokeMethod(MethodInvocationHelper.java:141)
at org.testng.internal.invokers.TestInvoker.invokeMethod(TestInvoker.java:686)
at org.testng.internal.invokers.TestInvoker.retryFailed(TestInvoker.java:269)
at org.testng.internal.invokers.MethodRunner.runInSequence(MethodRunner.java:76)
at org.testng.internal.invokers.TestInvoker$MethodInvocationAgent.invoke(TestInvoker.java:992)
at org.testng.internal.invokers.TestInvoker.invokeTestMethods(TestInvoker.java:203)
at org.testng.internal.invokers.TestMethodWorker.invokeTestMethods(TestMethodWorker.java:154)
at org.testng.internal.invokers.TestMethodWorker.run(TestMethodWorker.java:134)
at java.base/java.util.concurrent.Executors$RunnableAdapter.call(Executors.java:572)
at java.base/java.util.concurrent.FutureTask.run(FutureTask.java:317)
at org.testng.internal.thread.graph.TestNGFutureTask.run(TestNGFutureTask.java:22)
at java.base/java.util.concurrent.ThreadPoolExecutor.runWorker(ThreadPoolExecutor.java:1144)
at java.base/java.util.concurrent.ThreadPoolExecutor$Worker.run(ThreadPoolExecutor.java:642)
at java.base/java.lang.Thread.run(Thread.java:1570)
]]>
            </full-stacktrace>
          </exception> <!-- java.lang.NullPointerException -->
          <reporter-output>
          </reporter-output>
        </test-method> <!-- checkCorrectUsernamePassword -->
        <test-method retried="true" signature="checkCorrectUsernamePassword()[pri:4, instance:tests.LoginTesCases@4748a0f9]" started-at="2024-12-16T14:26:00 GMT-05:00" name="checkCorrectUsernamePassword" finished-at="2024-12-16T14:26:00 GMT-05:00" duration-ms="3" status="SKIP">
          <exception class="java.lang.NullPointerException">
            <message>
              <![CDATA[Cannot invoke "org.openqa.selenium.SearchContext.findElement(org.openqa.selenium.By)" because "this.searchContext" is null]]>
            </message>
            <full-stacktrace>
              <![CDATA[java.lang.NullPointerException: Cannot invoke "org.openqa.selenium.SearchContext.findElement(org.openqa.selenium.By)" because "this.searchContext" is null
at org.openqa.selenium.support.pagefactory.DefaultElementLocator.findElement(DefaultElementLocator.java:68)
at org.openqa.selenium.support.pagefactory.internal.LocatingElementHandler.invoke(LocatingElementHandler.java:38)
at jdk.proxy2/jdk.proxy2.$Proxy18.sendKeys(Unknown Source)
at pageObject.LoginPageObject.setUsername(LoginPageObject.java:37)
at tests.LoginTesCases.checkCorrectUsernamePassword(LoginTesCases.java:107)
at java.base/jdk.internal.reflect.DirectMethodHandleAccessor.invoke(DirectMethodHandleAccessor.java:103)
at java.base/java.lang.reflect.Method.invoke(Method.java:580)
at org.testng.internal.invokers.MethodInvocationHelper.invokeMethod(MethodInvocationHelper.java:141)
at org.testng.internal.invokers.TestInvoker.invokeMethod(TestInvoker.java:686)
at org.testng.internal.invokers.TestInvoker.retryFailed(TestInvoker.java:269)
at org.testng.internal.invokers.MethodRunner.runInSequence(MethodRunner.java:76)
at org.testng.internal.invokers.TestInvoker$MethodInvocationAgent.invoke(TestInvoker.java:992)
at org.testng.internal.invokers.TestInvoker.invokeTestMethods(TestInvoker.java:203)
at org.testng.internal.invokers.TestMethodWorker.invokeTestMethods(TestMethodWorker.java:154)
at org.testng.internal.invokers.TestMethodWorker.run(TestMethodWorker.java:134)
at java.base/java.util.concurrent.Executors$RunnableAdapter.call(Executors.java:572)
at java.base/java.util.concurrent.FutureTask.run(FutureTask.java:317)
at org.testng.internal.thread.graph.TestNGFutureTask.run(TestNGFutureTask.java:22)
at java.base/java.util.concurrent.ThreadPoolExecutor.runWorker(ThreadPoolExecutor.java:1144)
at java.base/java.util.concurrent.ThreadPoolExecutor$Worker.run(ThreadPoolExecutor.java:642)
at java.base/java.lang.Thread.run(Thread.java:1570)
]]>
            </full-stacktrace>
          </exception> <!-- java.lang.NullPointerException -->
          <reporter-output>
          </reporter-output>
        </test-method> <!-- checkCorrectUsernamePassword -->
        <test-method signature="checkCorrectUsernamePassword()[pri:4, instance:tests.LoginTesCases@4748a0f9]" started-at="2024-12-16T14:26:00 GMT-05:00" name="checkCorrectUsernamePassword" finished-at="2024-12-16T14:26:00 GMT-05:00" duration-ms="10" status="FAIL">
          <exception class="java.lang.NullPointerException">
            <message>
              <![CDATA[Cannot invoke "org.openqa.selenium.SearchContext.findElement(org.openqa.selenium.By)" because "this.searchContext" is null]]>
            </message>
            <full-stacktrace>
              <![CDATA[java.lang.NullPointerException: Cannot invoke "org.openqa.selenium.SearchContext.findElement(org.openqa.selenium.By)" because "this.searchContext" is null
at org.openqa.selenium.support.pagefactory.DefaultElementLocator.findElement(DefaultElementLocator.java:68)
at org.openqa.selenium.support.pagefactory.internal.LocatingElementHandler.invoke(LocatingElementHandler.java:38)
at jdk.proxy2/jdk.proxy2.$Proxy18.sendKeys(Unknown Source)
at pageObject.LoginPageObject.setUsername(LoginPageObject.java:37)
at tests.LoginTesCases.checkCorrectUsernamePassword(LoginTesCases.java:107)
at java.base/jdk.internal.reflect.DirectMethodHandleAccessor.invoke(DirectMethodHandleAccessor.java:103)
at java.base/java.lang.reflect.Method.invoke(Method.java:580)
at org.testng.internal.invokers.MethodInvocationHelper.invokeMethod(MethodInvocationHelper.java:141)
at org.testng.internal.invokers.TestInvoker.invokeMethod(TestInvoker.java:686)
at org.testng.internal.invokers.TestInvoker.retryFailed(TestInvoker.java:269)
at org.testng.internal.invokers.MethodRunner.runInSequence(MethodRunner.java:76)
at org.testng.internal.invokers.TestInvoker$MethodInvocationAgent.invoke(TestInvoker.java:992)
at org.testng.internal.invokers.TestInvoker.invokeTestMethods(TestInvoker.java:203)
at org.testng.internal.invokers.TestMethodWorker.invokeTestMethods(TestMethodWorker.java:154)
at org.testng.internal.invokers.TestMethodWorker.run(TestMethodWorker.java:134)
at java.base/java.util.concurrent.Executors$RunnableAdapter.call(Executors.java:572)
at java.base/java.util.concurrent.FutureTask.run(FutureTask.java:317)
at org.testng.internal.thread.graph.TestNGFutureTask.run(TestNGFutureTask.java:22)
at java.base/java.util.concurrent.ThreadPoolExecutor.runWorker(ThreadPoolExecutor.java:1144)
at java.base/java.util.concurrent.ThreadPoolExecutor$Worker.run(ThreadPoolExecutor.java:642)
at java.base/java.lang.Thread.run(Thread.java:1570)
]]>
            </full-stacktrace>
          </exception> <!-- java.lang.NullPointerException -->
          <reporter-output>
          </reporter-output>
        </test-method> <!-- checkCorrectUsernamePassword -->
        <test-method is-config="true" signature="user_clicks_on_logout_link()[pri:0, instance:tests.LoginTesCases@4748a0f9]" started-at="2024-12-16T14:26:00 GMT-05:00" name="user_clicks_on_logout_link" finished-at="2024-12-16T14:26:00 GMT-05:00" duration-ms="4" status="FAIL">
          <exception class="java.lang.NullPointerException">
            <message>
              <![CDATA[Cannot invoke "org.openqa.selenium.WebDriver.get(String)" because "this.driver" is null]]>
            </message>
            <full-stacktrace>
              <![CDATA[java.lang.NullPointerException: Cannot invoke "org.openqa.selenium.WebDriver.get(String)" because "this.driver" is null
at tests.LoginTesCases.user_clicks_on_logout_link(LoginTesCases.java:115)
at java.base/jdk.internal.reflect.DirectMethodHandleAccessor.invoke(DirectMethodHandleAccessor.java:103)
at java.base/java.lang.reflect.Method.invoke(Method.java:580)
at org.testng.internal.invokers.MethodInvocationHelper.invokeMethod(MethodInvocationHelper.java:141)
at org.testng.internal.invokers.MethodInvocationHelper.invokeMethodConsideringTimeout(MethodInvocationHelper.java:71)
at org.testng.internal.invokers.ConfigInvoker.invokeConfigurationMethod(ConfigInvoker.java:400)
at org.testng.internal.invokers.ConfigInvoker.invokeConfigurations(ConfigInvoker.java:333)
at org.testng.internal.invokers.TestMethodWorker.invokeAfterClassConfigurations(TestMethodWorker.java:238)
at org.testng.internal.invokers.TestMethodWorker.invokeAfterClassMethods(TestMethodWorker.java:223)
at org.testng.internal.invokers.TestMethodWorker.run(TestMethodWorker.java:137)
at java.base/java.util.concurrent.Executors$RunnableAdapter.call(Executors.java:572)
at java.base/java.util.concurrent.FutureTask.run(FutureTask.java:317)
at org.testng.internal.thread.graph.TestNGFutureTask.run(TestNGFutureTask.java:22)
at java.base/java.util.concurrent.ThreadPoolExecutor.runWorker(ThreadPoolExecutor.java:1144)
at java.base/java.util.concurrent.ThreadPoolExecutor$Worker.run(ThreadPoolExecutor.java:642)
at java.base/java.lang.Thread.run(Thread.java:1570)
]]>
            </full-stacktrace>
          </exception> <!-- java.lang.NullPointerException -->
          <reporter-output>
          </reporter-output>
        </test-method> <!-- user_clicks_on_logout_link -->
        <test-method is-config="true" signature="tearDown()[pri:0, instance:tests.LoginTesCases@4748a0f9]" started-at="2024-12-16T14:26:00 GMT-05:00" name="tearDown" finished-at="2024-12-16T14:26:00 GMT-05:00" duration-ms="0" status="SKIP">
          <reporter-output>
          </reporter-output>
        </test-method> <!-- tearDown -->
      </class> <!-- tests.LoginTesCases -->
      <class name="tests.HomeTestCases">
        <test-method is-config="true" signature="setUp()[pri:0, instance:tests.HomeTestCases@7e3181aa]" started-at="2024-12-16T14:25:58 GMT-05:00" name="setUp" finished-at="2024-12-16T14:26:01 GMT-05:00" duration-ms="3334" status="PASS">
          <reporter-output>
          </reporter-output>
        </test-method> <!-- setUp -->
        <test-method signature="VerifyBeforeLoginDSgetStarted()[pri:1, instance:tests.HomeTestCases@7e3181aa]" started-at="2024-12-16T14:26:01 GMT-05:00" name="VerifyBeforeLoginDSgetStarted" finished-at="2024-12-16T14:26:02 GMT-05:00" duration-ms="663" status="PASS">
          <reporter-output>
          </reporter-output>
        </test-method> <!-- VerifyBeforeLoginDSgetStarted -->
        <test-method signature="VerifyBeforeArraygetStarted()[pri:2, instance:tests.HomeTestCases@7e3181aa]" started-at="2024-12-16T14:26:02 GMT-05:00" name="VerifyBeforeArraygetStarted" finished-at="2024-12-16T14:26:02 GMT-05:00" duration-ms="622" status="PASS">
          <reporter-output>
          </reporter-output>
        </test-method> <!-- VerifyBeforeArraygetStarted -->
        <test-method signature="VerifyBeforeLinkedDSgetStarted()[pri:3, instance:tests.HomeTestCases@7e3181aa]" started-at="2024-12-16T14:26:02 GMT-05:00" name="VerifyBeforeLinkedDSgetStarted" finished-at="2024-12-16T14:26:03 GMT-05:00" duration-ms="426" status="PASS">
          <reporter-output>
          </reporter-output>
        </test-method> <!-- VerifyBeforeLinkedDSgetStarted -->
        <test-method signature="VerifyBeforeStackDSgetStarted()[pri:4, instance:tests.HomeTestCases@7e3181aa]" started-at="2024-12-16T14:26:03 GMT-05:00" name="VerifyBeforeStackDSgetStarted" finished-at="2024-12-16T14:26:03 GMT-05:00" duration-ms="490" status="PASS">
          <reporter-output>
          </reporter-output>
        </test-method> <!-- VerifyBeforeStackDSgetStarted -->
        <test-method signature="VerifyBeforeQueueDSgetStarted()[pri:5, instance:tests.HomeTestCases@7e3181aa]" started-at="2024-12-16T14:26:03 GMT-05:00" name="VerifyBeforeQueueDSgetStarted" finished-at="2024-12-16T14:26:04 GMT-05:00" duration-ms="505" status="PASS">
          <reporter-output>
          </reporter-output>
        </test-method> <!-- VerifyBeforeQueueDSgetStarted -->
        <test-method signature="VerifyBeforeTreeDSgetStarted()[pri:6, instance:tests.HomeTestCases@7e3181aa]" started-at="2024-12-16T14:26:04 GMT-05:00" name="VerifyBeforeTreeDSgetStarted" finished-at="2024-12-16T14:26:04 GMT-05:00" duration-ms="561" status="PASS">
          <reporter-output>
          </reporter-output>
        </test-method> <!-- VerifyBeforeTreeDSgetStarted -->
        <test-method signature="VerifyBeforeGraphDSgetStarted()[pri:7, instance:tests.HomeTestCases@7e3181aa]" started-at="2024-12-16T14:26:04 GMT-05:00" name="VerifyBeforeGraphDSgetStarted" finished-at="2024-12-16T14:26:05 GMT-05:00" duration-ms="484" status="PASS">
          <reporter-output>
          </reporter-output>
        </test-method> <!-- VerifyBeforeGraphDSgetStarted -->
        <test-method signature="clickRegisterLink()[pri:8, instance:tests.HomeTestCases@7e3181aa]" started-at="2024-12-16T14:26:05 GMT-05:00" name="clickRegisterLink" finished-at="2024-12-16T14:26:05 GMT-05:00" duration-ms="384" status="PASS">
          <reporter-output>
          </reporter-output>
        </test-method> <!-- clickRegisterLink -->
        <test-method signature="executeRegister()[pri:9, instance:tests.HomeTestCases@7e3181aa]" started-at="2024-12-16T14:26:05 GMT-05:00" name="executeRegister" finished-at="2024-12-16T14:26:06 GMT-05:00" duration-ms="562" status="PASS">
          <reporter-output>
          </reporter-output>
        </test-method> <!-- executeRegister -->
        <test-method signature="user_clicks_on_sign_in_link()[pri:10, instance:tests.HomeTestCases@7e3181aa]" started-at="2024-12-16T14:26:06 GMT-05:00" name="user_clicks_on_sign_in_link" finished-at="2024-12-16T14:26:07 GMT-05:00" duration-ms="1216" status="PASS">
          <reporter-output>
          </reporter-output>
        </test-method> <!-- user_clicks_on_sign_in_link -->
        <test-method signature="clicksGetStartedButton()[pri:11, instance:tests.HomeTestCases@7e3181aa]" started-at="2024-12-16T14:26:07 GMT-05:00" name="clicksGetStartedButton" finished-at="2024-12-16T14:26:07 GMT-05:00" duration-ms="412" status="PASS">
          <reporter-output>
          </reporter-output>
        </test-method> <!-- clicksGetStartedButton -->
        <test-method signature="checkArrayGetStartedButton()[pri:12, instance:tests.HomeTestCases@7e3181aa]" started-at="2024-12-16T14:26:07 GMT-05:00" name="checkArrayGetStartedButton" finished-at="2024-12-16T14:26:08 GMT-05:00" duration-ms="440" status="PASS">
          <reporter-output>
          </reporter-output>
        </test-method> <!-- checkArrayGetStartedButton -->
        <test-method signature="checkLinkedGetStartedButton()[pri:13, instance:tests.HomeTestCases@7e3181aa]" started-at="2024-12-16T14:26:08 GMT-05:00" name="checkLinkedGetStartedButton" finished-at="2024-12-16T14:26:08 GMT-05:00" duration-ms="439" status="PASS">
          <reporter-output>
          </reporter-output>
        </test-method> <!-- checkLinkedGetStartedButton -->
        <test-method signature="checkStackGetStartedButton()[pri:14, instance:tests.HomeTestCases@7e3181aa]" started-at="2024-12-16T14:26:08 GMT-05:00" name="checkStackGetStartedButton" finished-at="2024-12-16T14:26:09 GMT-05:00" duration-ms="554" status="PASS">
          <reporter-output>
          </reporter-output>
        </test-method> <!-- checkStackGetStartedButton -->
        <test-method signature="checkQueueGetStartedButton()[pri:15, instance:tests.HomeTestCases@7e3181aa]" started-at="2024-12-16T14:26:09 GMT-05:00" name="checkQueueGetStartedButton" finished-at="2024-12-16T14:26:10 GMT-05:00" duration-ms="623" status="PASS">
          <reporter-output>
          </reporter-output>
        </test-method> <!-- checkQueueGetStartedButton -->
        <test-method signature="checkTreeGetStartedButton()[pri:16, instance:tests.HomeTestCases@7e3181aa]" started-at="2024-12-16T14:26:10 GMT-05:00" name="checkTreeGetStartedButton" finished-at="2024-12-16T14:26:10 GMT-05:00" duration-ms="564" status="PASS">
          <reporter-output>
          </reporter-output>
        </test-method> <!-- checkTreeGetStartedButton -->
        <test-method signature="checkGraphGetStartedButton()[pri:17, instance:tests.HomeTestCases@7e3181aa]" started-at="2024-12-16T14:26:10 GMT-05:00" name="checkGraphGetStartedButton" finished-at="2024-12-16T14:26:11 GMT-05:00" duration-ms="465" status="PASS">
          <reporter-output>
          </reporter-output>
        </test-method> <!-- checkGraphGetStartedButton -->
        <test-method is-config="true" signature="user_clicks_on_logout_link()[pri:0, instance:tests.HomeTestCases@7e3181aa]" started-at="2024-12-16T14:26:11 GMT-05:00" name="user_clicks_on_logout_link" finished-at="2024-12-16T14:26:12 GMT-05:00" duration-ms="997" status="PASS">
          <reporter-output>
          </reporter-output>
        </test-method> <!-- user_clicks_on_logout_link -->
        <test-method is-config="true" signature="tearDown()[pri:0, instance:tests.HomeTestCases@7e3181aa]" started-at="2024-12-16T14:26:12 GMT-05:00" name="tearDown" finished-at="2024-12-16T14:26:12 GMT-05:00" duration-ms="1" status="PASS">
          <reporter-output>
          </reporter-output>
        </test-method> <!-- tearDown -->
      </class> <!-- tests.HomeTestCases -->
      <class name="tests.ArraysTestCases">
        <test-method is-config="true" signature="setUp()[pri:0, instance:tests.ArraysTestCases@142269f2]" started-at="2024-12-16T14:25:58 GMT-05:00" name="setUp" finished-at="2024-12-16T14:26:03 GMT-05:00" duration-ms="5024" status="PASS">
          <reporter-output>
          </reporter-output>
        </test-method> <!-- setUp -->
        <test-method retried="true" signature="clickArraysInPythonLink()[pri:1, instance:tests.ArraysTestCases@142269f2]" started-at="2024-12-16T14:26:03 GMT-05:00" name="clickArraysInPythonLink" finished-at="2024-12-16T14:26:04 GMT-05:00" duration-ms="1424" status="SKIP">
          <exception class="java.lang.AssertionError">
            <message>
              <![CDATA[expected [Arraysw in Python] but found [Arrays in Python]]]>
            </message>
            <full-stacktrace>
              <![CDATA[java.lang.AssertionError: expected [Arraysw in Python] but found [Arrays in Python]
at org.testng.Assert.fail(Assert.java:111)
at org.testng.Assert.failNotEquals(Assert.java:1578)
at org.testng.Assert.assertEqualsImpl(Assert.java:150)
at org.testng.Assert.assertEquals(Assert.java:132)
at org.testng.Assert.assertEquals(Assert.java:656)
at org.testng.Assert.assertEquals(Assert.java:666)
at tests.ArraysTestCases.clickArraysInPythonLink(ArraysTestCases.java:53)
at java.base/jdk.internal.reflect.DirectMethodHandleAccessor.invoke(DirectMethodHandleAccessor.java:103)
at java.base/java.lang.reflect.Method.invoke(Method.java:580)
at org.testng.internal.invokers.MethodInvocationHelper.invokeMethod(MethodInvocationHelper.java:141)
at org.testng.internal.invokers.TestInvoker.invokeMethod(TestInvoker.java:686)
at org.testng.internal.invokers.TestInvoker.invokeTestMethod(TestInvoker.java:230)
at org.testng.internal.invokers.MethodRunner.runInSequence(MethodRunner.java:63)
at org.testng.internal.invokers.TestInvoker$MethodInvocationAgent.invoke(TestInvoker.java:992)
at org.testng.internal.invokers.TestInvoker.invokeTestMethods(TestInvoker.java:203)
at org.testng.internal.invokers.TestMethodWorker.invokeTestMethods(TestMethodWorker.java:154)
at org.testng.internal.invokers.TestMethodWorker.run(TestMethodWorker.java:134)
at java.base/java.util.concurrent.Executors$RunnableAdapter.call(Executors.java:572)
at java.base/java.util.concurrent.FutureTask.run(FutureTask.java:317)
at org.testng.internal.thread.graph.TestNGFutureTask.run(TestNGFutureTask.java:22)
at java.base/java.util.concurrent.ThreadPoolExecutor.runWorker(ThreadPoolExecutor.java:1144)
at java.base/java.util.concurrent.ThreadPoolExecutor$Worker.run(ThreadPoolExecutor.java:642)
at java.base/java.lang.Thread.run(Thread.java:1570)
]]>
            </full-stacktrace>
          </exception> <!-- java.lang.AssertionError -->
          <reporter-output>
          </reporter-output>
        </test-method> <!-- clickArraysInPythonLink -->
        <test-method retried="true" signature="clickArraysInPythonLink()[pri:1, instance:tests.ArraysTestCases@142269f2]" started-at="2024-12-16T14:26:04 GMT-05:00" name="clickArraysInPythonLink" finished-at="2024-12-16T14:26:05 GMT-05:00" duration-ms="1097" status="SKIP">
          <exception class="java.lang.AssertionError">
            <message>
              <![CDATA[expected [Arraysw in Python] but found [Arrays in Python]]]>
            </message>
            <full-stacktrace>
              <![CDATA[java.lang.AssertionError: expected [Arraysw in Python] but found [Arrays in Python]
at org.testng.Assert.fail(Assert.java:111)
at org.testng.Assert.failNotEquals(Assert.java:1578)
at org.testng.Assert.assertEqualsImpl(Assert.java:150)
at org.testng.Assert.assertEquals(Assert.java:132)
at org.testng.Assert.assertEquals(Assert.java:656)
at org.testng.Assert.assertEquals(Assert.java:666)
at tests.ArraysTestCases.clickArraysInPythonLink(ArraysTestCases.java:53)
at java.base/jdk.internal.reflect.DirectMethodHandleAccessor.invoke(DirectMethodHandleAccessor.java:103)
at java.base/java.lang.reflect.Method.invoke(Method.java:580)
at org.testng.internal.invokers.MethodInvocationHelper.invokeMethod(MethodInvocationHelper.java:141)
at org.testng.internal.invokers.TestInvoker.invokeMethod(TestInvoker.java:686)
at org.testng.internal.invokers.TestInvoker.retryFailed(TestInvoker.java:269)
at org.testng.internal.invokers.MethodRunner.runInSequence(MethodRunner.java:76)
at org.testng.internal.invokers.TestInvoker$MethodInvocationAgent.invoke(TestInvoker.java:992)
at org.testng.internal.invokers.TestInvoker.invokeTestMethods(TestInvoker.java:203)
at org.testng.internal.invokers.TestMethodWorker.invokeTestMethods(TestMethodWorker.java:154)
at org.testng.internal.invokers.TestMethodWorker.run(TestMethodWorker.java:134)
at java.base/java.util.concurrent.Executors$RunnableAdapter.call(Executors.java:572)
at java.base/java.util.concurrent.FutureTask.run(FutureTask.java:317)
at org.testng.internal.thread.graph.TestNGFutureTask.run(TestNGFutureTask.java:22)
at java.base/java.util.concurrent.ThreadPoolExecutor.runWorker(ThreadPoolExecutor.java:1144)
at java.base/java.util.concurrent.ThreadPoolExecutor$Worker.run(ThreadPoolExecutor.java:642)
at java.base/java.lang.Thread.run(Thread.java:1570)
]]>
            </full-stacktrace>
          </exception> <!-- java.lang.AssertionError -->
          <reporter-output>
          </reporter-output>
        </test-method> <!-- clickArraysInPythonLink -->
        <test-method retried="true" signature="clickArraysInPythonLink()[pri:1, instance:tests.ArraysTestCases@142269f2]" started-at="2024-12-16T14:26:05 GMT-05:00" name="clickArraysInPythonLink" finished-at="2024-12-16T14:26:06 GMT-05:00" duration-ms="753" status="SKIP">
          <exception class="java.lang.AssertionError">
            <message>
              <![CDATA[expected [Arraysw in Python] but found [Arrays in Python]]]>
            </message>
            <full-stacktrace>
              <![CDATA[java.lang.AssertionError: expected [Arraysw in Python] but found [Arrays in Python]
at org.testng.Assert.fail(Assert.java:111)
at org.testng.Assert.failNotEquals(Assert.java:1578)
at org.testng.Assert.assertEqualsImpl(Assert.java:150)
at org.testng.Assert.assertEquals(Assert.java:132)
at org.testng.Assert.assertEquals(Assert.java:656)
at org.testng.Assert.assertEquals(Assert.java:666)
at tests.ArraysTestCases.clickArraysInPythonLink(ArraysTestCases.java:53)
at java.base/jdk.internal.reflect.DirectMethodHandleAccessor.invoke(DirectMethodHandleAccessor.java:103)
at java.base/java.lang.reflect.Method.invoke(Method.java:580)
at org.testng.internal.invokers.MethodInvocationHelper.invokeMethod(MethodInvocationHelper.java:141)
at org.testng.internal.invokers.TestInvoker.invokeMethod(TestInvoker.java:686)
at org.testng.internal.invokers.TestInvoker.retryFailed(TestInvoker.java:269)
at org.testng.internal.invokers.MethodRunner.runInSequence(MethodRunner.java:76)
at org.testng.internal.invokers.TestInvoker$MethodInvocationAgent.invoke(TestInvoker.java:992)
at org.testng.internal.invokers.TestInvoker.invokeTestMethods(TestInvoker.java:203)
at org.testng.internal.invokers.TestMethodWorker.invokeTestMethods(TestMethodWorker.java:154)
at org.testng.internal.invokers.TestMethodWorker.run(TestMethodWorker.java:134)
at java.base/java.util.concurrent.Executors$RunnableAdapter.call(Executors.java:572)
at java.base/java.util.concurrent.FutureTask.run(FutureTask.java:317)
at org.testng.internal.thread.graph.TestNGFutureTask.run(TestNGFutureTask.java:22)
at java.base/java.util.concurrent.ThreadPoolExecutor.runWorker(ThreadPoolExecutor.java:1144)
at java.base/java.util.concurrent.ThreadPoolExecutor$Worker.run(ThreadPoolExecutor.java:642)
at java.base/java.lang.Thread.run(Thread.java:1570)
]]>
            </full-stacktrace>
          </exception> <!-- java.lang.AssertionError -->
          <reporter-output>
          </reporter-output>
        </test-method> <!-- clickArraysInPythonLink -->
        <test-method signature="clickArraysInPythonLink()[pri:1, instance:tests.ArraysTestCases@142269f2]" started-at="2024-12-16T14:26:06 GMT-05:00" name="clickArraysInPythonLink" finished-at="2024-12-16T14:26:07 GMT-05:00" duration-ms="802" status="FAIL">
          <exception class="java.lang.AssertionError">
            <message>
              <![CDATA[expected [Arraysw in Python] but found [Arrays in Python]]]>
            </message>
            <full-stacktrace>
              <![CDATA[java.lang.AssertionError: expected [Arraysw in Python] but found [Arrays in Python]
at org.testng.Assert.fail(Assert.java:111)
at org.testng.Assert.failNotEquals(Assert.java:1578)
at org.testng.Assert.assertEqualsImpl(Assert.java:150)
at org.testng.Assert.assertEquals(Assert.java:132)
at org.testng.Assert.assertEquals(Assert.java:656)
at org.testng.Assert.assertEquals(Assert.java:666)
at tests.ArraysTestCases.clickArraysInPythonLink(ArraysTestCases.java:53)
at java.base/jdk.internal.reflect.DirectMethodHandleAccessor.invoke(DirectMethodHandleAccessor.java:103)
at java.base/java.lang.reflect.Method.invoke(Method.java:580)
at org.testng.internal.invokers.MethodInvocationHelper.invokeMethod(MethodInvocationHelper.java:141)
at org.testng.internal.invokers.TestInvoker.invokeMethod(TestInvoker.java:686)
at org.testng.internal.invokers.TestInvoker.retryFailed(TestInvoker.java:269)
at org.testng.internal.invokers.MethodRunner.runInSequence(MethodRunner.java:76)
at org.testng.internal.invokers.TestInvoker$MethodInvocationAgent.invoke(TestInvoker.java:992)
at org.testng.internal.invokers.TestInvoker.invokeTestMethods(TestInvoker.java:203)
at org.testng.internal.invokers.TestMethodWorker.invokeTestMethods(TestMethodWorker.java:154)
at org.testng.internal.invokers.TestMethodWorker.run(TestMethodWorker.java:134)
at java.base/java.util.concurrent.Executors$RunnableAdapter.call(Executors.java:572)
at java.base/java.util.concurrent.FutureTask.run(FutureTask.java:317)
at org.testng.internal.thread.graph.TestNGFutureTask.run(TestNGFutureTask.java:22)
at java.base/java.util.concurrent.ThreadPoolExecutor.runWorker(ThreadPoolExecutor.java:1144)
at java.base/java.util.concurrent.ThreadPoolExecutor$Worker.run(ThreadPoolExecutor.java:642)
at java.base/java.lang.Thread.run(Thread.java:1570)
]]>
            </full-stacktrace>
          </exception> <!-- java.lang.AssertionError -->
          <reporter-output>
          </reporter-output>
        </test-method> <!-- clickArraysInPythonLink -->
        <test-method signature="clicksSubArraysInPythonLink()[pri:2, instance:tests.ArraysTestCases@142269f2]" started-at="2024-12-16T14:26:07 GMT-05:00" name="clicksSubArraysInPythonLink" finished-at="2024-12-16T14:26:07 GMT-05:00" duration-ms="330" status="PASS">
          <reporter-output>
          </reporter-output>
        </test-method> <!-- clicksSubArraysInPythonLink -->
        <test-method signature="clicksArraysPhythonTryHereLink()[pri:3, instance:tests.ArraysTestCases@142269f2]" started-at="2024-12-16T14:26:07 GMT-05:00" name="clicksArraysPhythonTryHereLink" finished-at="2024-12-16T14:26:08 GMT-05:00" duration-ms="649" status="PASS">
          <reporter-output>
          </reporter-output>
        </test-method> <!-- clicksArraysPhythonTryHereLink -->
        <test-method signature="checkArraysPhythonTryHereLink()[pri:4, instance:tests.ArraysTestCases@142269f2]" started-at="2024-12-16T14:26:08 GMT-05:00" name="checkArraysPhythonTryHereLink" finished-at="2024-12-16T14:26:09 GMT-05:00" duration-ms="522" status="PASS">
          <reporter-output>
          </reporter-output>
        </test-method> <!-- checkArraysPhythonTryHereLink -->
        <test-method signature="clicksArraysUsingListLink()[pri:5, instance:tests.ArraysTestCases@142269f2]" started-at="2024-12-16T14:26:09 GMT-05:00" name="clicksArraysUsingListLink" finished-at="2024-12-16T14:26:10 GMT-05:00" duration-ms="1155" status="PASS">
          <reporter-output>
          </reporter-output>
        </test-method> <!-- clicksArraysUsingListLink -->
        <test-method signature="clicksSubArraysUsingListLink()[pri:6, instance:tests.ArraysTestCases@142269f2]" started-at="2024-12-16T14:26:10 GMT-05:00" name="clicksSubArraysUsingListLink" finished-at="2024-12-16T14:26:10 GMT-05:00" duration-ms="391" status="PASS">
          <reporter-output>
          </reporter-output>
        </test-method> <!-- clicksSubArraysUsingListLink -->
        <test-method signature="clicksArraysUsingTryHereLink()[pri:7, instance:tests.ArraysTestCases@142269f2]" started-at="2024-12-16T14:26:10 GMT-05:00" name="clicksArraysUsingTryHereLink" finished-at="2024-12-16T14:26:10 GMT-05:00" duration-ms="376" status="PASS">
          <reporter-output>
          </reporter-output>
        </test-method> <!-- clicksArraysUsingTryHereLink -->
        <test-method signature="checkArraysUsingTryHereLink()[pri:8, instance:tests.ArraysTestCases@142269f2]" started-at="2024-12-16T14:26:10 GMT-05:00" name="checkArraysUsingTryHereLink" finished-at="2024-12-16T14:26:11 GMT-05:00" duration-ms="520" status="PASS">
          <reporter-output>
          </reporter-output>
        </test-method> <!-- checkArraysUsingTryHereLink -->
        <test-method signature="clicksBasicOperationsInListsLink()[pri:9, instance:tests.ArraysTestCases@142269f2]" started-at="2024-12-16T14:26:11 GMT-05:00" name="clicksBasicOperationsInListsLink" finished-at="2024-12-16T14:26:12 GMT-05:00" duration-ms="1067" status="PASS">
          <reporter-output>
          </reporter-output>
        </test-method> <!-- clicksBasicOperationsInListsLink -->
        <test-method signature="clicksSubBasicOperationsInListsLink()[pri:10, instance:tests.ArraysTestCases@142269f2]" started-at="2024-12-16T14:26:12 GMT-05:00" name="clicksSubBasicOperationsInListsLink" finished-at="2024-12-16T14:26:12 GMT-05:00" duration-ms="383" status="PASS">
          <reporter-output>
          </reporter-output>
        </test-method> <!-- clicksSubBasicOperationsInListsLink -->
        <test-method signature="clicksBasicOperationsTryHereLink()[pri:11, instance:tests.ArraysTestCases@142269f2]" started-at="2024-12-16T14:26:12 GMT-05:00" name="clicksBasicOperationsTryHereLink" finished-at="2024-12-16T14:26:13 GMT-05:00" duration-ms="382" status="PASS">
          <reporter-output>
          </reporter-output>
        </test-method> <!-- clicksBasicOperationsTryHereLink -->
        <test-method signature="checkBasicOperationsTryHereLink()[pri:12, instance:tests.ArraysTestCases@142269f2]" started-at="2024-12-16T14:26:13 GMT-05:00" name="checkBasicOperationsTryHereLink" finished-at="2024-12-16T14:26:13 GMT-05:00" duration-ms="476" status="PASS">
          <reporter-output>
          </reporter-output>
        </test-method> <!-- checkBasicOperationsTryHereLink -->
        <test-method signature="clicksApplicationsOfArrayLink()[pri:13, instance:tests.ArraysTestCases@142269f2]" started-at="2024-12-16T14:26:13 GMT-05:00" name="clicksApplicationsOfArrayLink" finished-at="2024-12-16T14:26:15 GMT-05:00" duration-ms="1528" status="PASS">
          <reporter-output>
          </reporter-output>
        </test-method> <!-- clicksApplicationsOfArrayLink -->
        <test-method signature="clicksSubApplicationsOfArrayLink()[pri:14, instance:tests.ArraysTestCases@142269f2]" started-at="2024-12-16T14:26:15 GMT-05:00" name="clicksSubApplicationsOfArrayLink" finished-at="2024-12-16T14:26:15 GMT-05:00" duration-ms="331" status="PASS">
          <reporter-output>
          </reporter-output>
        </test-method> <!-- clicksSubApplicationsOfArrayLink -->
        <test-method signature="clickApplicationArrayTryHereLink()[pri:15, instance:tests.ArraysTestCases@142269f2]" started-at="2024-12-16T14:26:15 GMT-05:00" name="clickApplicationArrayTryHereLink" finished-at="2024-12-16T14:26:16 GMT-05:00" duration-ms="360" status="PASS">
          <reporter-output>
          </reporter-output>
        </test-method> <!-- clickApplicationArrayTryHereLink -->
        <test-method signature="checkApplicationArrayTryHereLink()[pri:16, instance:tests.ArraysTestCases@142269f2]" started-at="2024-12-16T14:26:16 GMT-05:00" name="checkApplicationArrayTryHereLink" finished-at="2024-12-16T14:26:16 GMT-05:00" duration-ms="547" status="PASS">
          <reporter-output>
          </reporter-output>
        </test-method> <!-- checkApplicationArrayTryHereLink -->
        <test-method signature="clicksSubPracticeLink()[pri:17, instance:tests.ArraysTestCases@142269f2]" started-at="2024-12-16T14:26:16 GMT-05:00" name="clicksSubPracticeLink" finished-at="2024-12-16T14:26:18 GMT-05:00" duration-ms="1471" status="PASS">
          <reporter-output>
          </reporter-output>
        </test-method> <!-- clicksSubPracticeLink -->
        <test-method signature="VerifySearchArrayLink()[pri:18, instance:tests.ArraysTestCases@142269f2]" started-at="2024-12-16T14:26:18 GMT-05:00" name="VerifySearchArrayLink" finished-at="2024-12-16T14:26:18 GMT-05:00" duration-ms="400" status="PASS">
          <reporter-output>
          </reporter-output>
        </test-method> <!-- VerifySearchArrayLink -->
        <test-method signature="executeClicksSearchArrayLink()[pri:19, instance:tests.ArraysTestCases@142269f2]" started-at="2024-12-16T14:26:18 GMT-05:00" name="executeClicksSearchArrayLink" finished-at="2024-12-16T14:26:19 GMT-05:00" duration-ms="579" status="PASS">
          <reporter-output>
          </reporter-output>
        </test-method> <!-- executeClicksSearchArrayLink -->
        <test-method signature="verifyClicksMaxConsecutiveOnesLink()[pri:20, instance:tests.ArraysTestCases@142269f2]" started-at="2024-12-16T14:26:19 GMT-05:00" name="verifyClicksMaxConsecutiveOnesLink" finished-at="2024-12-16T14:26:20 GMT-05:00" duration-ms="1597" status="PASS">
          <reporter-output>
          </reporter-output>
        </test-method> <!-- verifyClicksMaxConsecutiveOnesLink -->
        <test-method signature="executeClicksMaxConsecutiveOnesLink()[pri:21, instance:tests.ArraysTestCases@142269f2]" started-at="2024-12-16T14:26:20 GMT-05:00" name="executeClicksMaxConsecutiveOnesLink" finished-at="2024-12-16T14:26:21 GMT-05:00" duration-ms="601" status="PASS">
          <reporter-output>
          </reporter-output>
        </test-method> <!-- executeClicksMaxConsecutiveOnesLink -->
        <test-method signature="verifyClicksFindEvenLink()[pri:22, instance:tests.ArraysTestCases@142269f2]" started-at="2024-12-16T14:26:21 GMT-05:00" name="verifyClicksFindEvenLink" finished-at="2024-12-16T14:26:22 GMT-05:00" duration-ms="1605" status="PASS">
          <reporter-output>
          </reporter-output>
        </test-method> <!-- verifyClicksFindEvenLink -->
        <test-method signature="executeClicksFindEvenLink()[pri:23, instance:tests.ArraysTestCases@142269f2]" started-at="2024-12-16T14:26:22 GMT-05:00" name="executeClicksFindEvenLink" finished-at="2024-12-16T14:26:23 GMT-05:00" duration-ms="768" status="PASS">
          <reporter-output>
          </reporter-output>
        </test-method> <!-- executeClicksFindEvenLink -->
        <test-method signature="verifySortedArrayLink()[pri:24, instance:tests.ArraysTestCases@142269f2]" started-at="2024-12-16T14:26:23 GMT-05:00" name="verifySortedArrayLink" finished-at="2024-12-16T14:26:25 GMT-05:00" duration-ms="1802" status="PASS">
          <reporter-output>
          </reporter-output>
        </test-method> <!-- verifySortedArrayLink -->
        <test-method signature="executeClicksSortedArrayLink()[pri:25, instance:tests.ArraysTestCases@142269f2]" started-at="2024-12-16T14:26:25 GMT-05:00" name="executeClicksSortedArrayLink" finished-at="2024-12-16T14:26:26 GMT-05:00" duration-ms="798" status="PASS">
          <reporter-output>
          </reporter-output>
        </test-method> <!-- executeClicksSortedArrayLink -->
        <test-method is-config="true" signature="user_clicks_on_logout_link()[pri:0, instance:tests.ArraysTestCases@142269f2]" started-at="2024-12-16T14:26:26 GMT-05:00" name="user_clicks_on_logout_link" finished-at="2024-12-16T14:26:27 GMT-05:00" duration-ms="930" status="PASS">
          <reporter-output>
          </reporter-output>
        </test-method> <!-- user_clicks_on_logout_link -->
        <test-method is-config="true" signature="tearDown()[pri:0, instance:tests.ArraysTestCases@142269f2]" started-at="2024-12-16T14:26:27 GMT-05:00" name="tearDown" finished-at="2024-12-16T14:26:27 GMT-05:00" duration-ms="1" status="PASS">
          <reporter-output>
          </reporter-output>
        </test-method> <!-- tearDown -->
      </class> <!-- tests.ArraysTestCases -->
      <class name="tests.DSIntroTestCases">
        <test-method is-config="true" signature="setUp()[pri:0, instance:tests.DSIntroTestCases@253d9f73]" started-at="2024-12-16T14:25:58 GMT-05:00" name="setUp" finished-at="2024-12-16T14:26:03 GMT-05:00" duration-ms="5496" status="PASS">
          <reporter-output>
          </reporter-output>
        </test-method> <!-- setUp -->
        <test-method signature="DSintro()[pri:1, instance:tests.DSIntroTestCases@253d9f73]" started-at="2024-12-16T14:26:03 GMT-05:00" name="DSintro" finished-at="2024-12-16T14:26:04 GMT-05:00" duration-ms="699" status="PASS">
          <reporter-output>
          </reporter-output>
        </test-method> <!-- DSintro -->
        <test-method signature="TimeComplexityLink()[pri:2, instance:tests.DSIntroTestCases@253d9f73]" started-at="2024-12-16T14:26:04 GMT-05:00" name="TimeComplexityLink" finished-at="2024-12-16T14:26:05 GMT-05:00" duration-ms="1153" status="PASS">
          <reporter-output>
          </reporter-output>
        </test-method> <!-- TimeComplexityLink -->
        <test-method signature="DSintrotryhere()[pri:3, instance:tests.DSIntroTestCases@253d9f73]" started-at="2024-12-16T14:26:05 GMT-05:00" name="DSintrotryhere" finished-at="2024-12-16T14:26:06 GMT-05:00" duration-ms="711" status="PASS">
          <reporter-output>
          </reporter-output>
        </test-method> <!-- DSintrotryhere -->
        <test-method signature="executeImplementationTryHere()[pri:4, instance:tests.DSIntroTestCases@253d9f73]" started-at="2024-12-16T14:26:06 GMT-05:00" name="executeImplementationTryHere" finished-at="2024-12-16T14:26:06 GMT-05:00" duration-ms="645" status="PASS">
          <reporter-output>
          </reporter-output>
        </test-method> <!-- executeImplementationTryHere -->
        <test-method is-config="true" signature="user_clicks_on_logout_link()[pri:0, instance:tests.DSIntroTestCases@253d9f73]" started-at="2024-12-16T14:26:06 GMT-05:00" name="user_clicks_on_logout_link" finished-at="2024-12-16T14:26:07 GMT-05:00" duration-ms="632" status="PASS">
          <reporter-output>
          </reporter-output>
        </test-method> <!-- user_clicks_on_logout_link -->
        <test-method is-config="true" signature="tearDown()[pri:0, instance:tests.DSIntroTestCases@253d9f73]" started-at="2024-12-16T14:26:07 GMT-05:00" name="tearDown" finished-at="2024-12-16T14:26:07 GMT-05:00" duration-ms="1" status="PASS">
          <reporter-output>
          </reporter-output>
        </test-method> <!-- tearDown -->
      </class> <!-- tests.DSIntroTestCases -->
    </test> <!-- TestChrome -->
    <test started-at="2024-12-16T14:26:28 GMT-05:00" name="TestChrome1" finished-at="2024-12-16T14:27:09 GMT-05:00" duration-ms="41461">
      <class name="tests.StackTestcases">
        <test-method is-config="true" signature="setUp()[pri:0, instance:tests.StackTestcases@5b619d14]" started-at="2024-12-16T14:26:28 GMT-05:00" name="setUp" finished-at="2024-12-16T14:26:28 GMT-05:00" duration-ms="5" status="FAIL">
          <exception class="java.lang.NullPointerException">
            <message>
              <![CDATA[Cannot invoke "org.openqa.selenium.WebDriver.get(String)" because "driver" is null]]>
            </message>
            <full-stacktrace>
              <![CDATA[java.lang.NullPointerException: Cannot invoke "org.openqa.selenium.WebDriver.get(String)" because "driver" is null
at tests.BaseCases.login(BaseCases.java:68)
at tests.StackTestcases.setUp(StackTestcases.java:30)
at java.base/jdk.internal.reflect.DirectMethodHandleAccessor.invoke(DirectMethodHandleAccessor.java:103)
at java.base/java.lang.reflect.Method.invoke(Method.java:580)
at org.testng.internal.invokers.MethodInvocationHelper.invokeMethod(MethodInvocationHelper.java:141)
at org.testng.internal.invokers.MethodInvocationHelper.invokeMethodConsideringTimeout(MethodInvocationHelper.java:71)
at org.testng.internal.invokers.ConfigInvoker.invokeConfigurationMethod(ConfigInvoker.java:400)
at org.testng.internal.invokers.ConfigInvoker.invokeConfigurations(ConfigInvoker.java:333)
at org.testng.internal.invokers.TestMethodWorker.invokeBeforeClassMethods(TestMethodWorker.java:188)
at org.testng.internal.invokers.TestMethodWorker.run(TestMethodWorker.java:128)
at java.base/java.util.concurrent.Executors$RunnableAdapter.call(Executors.java:572)
at java.base/java.util.concurrent.FutureTask.run(FutureTask.java:317)
at org.testng.internal.thread.graph.TestNGFutureTask.run(TestNGFutureTask.java:22)
at java.base/java.util.concurrent.ThreadPoolExecutor.runWorker(ThreadPoolExecutor.java:1144)
at java.base/java.util.concurrent.ThreadPoolExecutor$Worker.run(ThreadPoolExecutor.java:642)
at java.base/java.lang.Thread.run(Thread.java:1570)
]]>
            </full-stacktrace>
          </exception> <!-- java.lang.NullPointerException -->
          <reporter-output>
          </reporter-output>
        </test-method> <!-- setUp -->
        <test-method signature="OperationsinStackLink()[pri:1, instance:tests.StackTestcases@5b619d14]" started-at="2024-12-16T14:26:28 GMT-05:00" name="OperationsinStackLink" finished-at="2024-12-16T14:26:28 GMT-05:00" duration-ms="0" status="SKIP">
          <exception class="java.lang.NullPointerException">
            <message>
              <![CDATA[Cannot invoke "org.openqa.selenium.WebDriver.get(String)" because "driver" is null]]>
            </message>
            <full-stacktrace>
              <![CDATA[java.lang.NullPointerException: Cannot invoke "org.openqa.selenium.WebDriver.get(String)" because "driver" is null
at tests.BaseCases.login(BaseCases.java:68)
at tests.StackTestcases.setUp(StackTestcases.java:30)
at java.base/jdk.internal.reflect.DirectMethodHandleAccessor.invoke(DirectMethodHandleAccessor.java:103)
at java.base/java.lang.reflect.Method.invoke(Method.java:580)
at org.testng.internal.invokers.MethodInvocationHelper.invokeMethod(MethodInvocationHelper.java:141)
at org.testng.internal.invokers.MethodInvocationHelper.invokeMethodConsideringTimeout(MethodInvocationHelper.java:71)
at org.testng.internal.invokers.ConfigInvoker.invokeConfigurationMethod(ConfigInvoker.java:400)
at org.testng.internal.invokers.ConfigInvoker.invokeConfigurations(ConfigInvoker.java:333)
at org.testng.internal.invokers.TestMethodWorker.invokeBeforeClassMethods(TestMethodWorker.java:188)
at org.testng.internal.invokers.TestMethodWorker.run(TestMethodWorker.java:128)
at java.base/java.util.concurrent.Executors$RunnableAdapter.call(Executors.java:572)
at java.base/java.util.concurrent.FutureTask.run(FutureTask.java:317)
at org.testng.internal.thread.graph.TestNGFutureTask.run(TestNGFutureTask.java:22)
at java.base/java.util.concurrent.ThreadPoolExecutor.runWorker(ThreadPoolExecutor.java:1144)
at java.base/java.util.concurrent.ThreadPoolExecutor$Worker.run(ThreadPoolExecutor.java:642)
at java.base/java.lang.Thread.run(Thread.java:1570)
]]>
            </full-stacktrace>
          </exception> <!-- java.lang.NullPointerException -->
          <reporter-output>
          </reporter-output>
        </test-method> <!-- OperationsinStackLink -->
        <test-method signature="operationtryhere()[pri:2, instance:tests.StackTestcases@5b619d14]" started-at="2024-12-16T14:26:28 GMT-05:00" name="operationtryhere" finished-at="2024-12-16T14:26:28 GMT-05:00" duration-ms="0" status="SKIP">
          <exception class="java.lang.NullPointerException">
            <message>
              <![CDATA[Cannot invoke "org.openqa.selenium.WebDriver.get(String)" because "driver" is null]]>
            </message>
            <full-stacktrace>
              <![CDATA[java.lang.NullPointerException: Cannot invoke "org.openqa.selenium.WebDriver.get(String)" because "driver" is null
at tests.BaseCases.login(BaseCases.java:68)
at tests.StackTestcases.setUp(StackTestcases.java:30)
at java.base/jdk.internal.reflect.DirectMethodHandleAccessor.invoke(DirectMethodHandleAccessor.java:103)
at java.base/java.lang.reflect.Method.invoke(Method.java:580)
at org.testng.internal.invokers.MethodInvocationHelper.invokeMethod(MethodInvocationHelper.java:141)
at org.testng.internal.invokers.MethodInvocationHelper.invokeMethodConsideringTimeout(MethodInvocationHelper.java:71)
at org.testng.internal.invokers.ConfigInvoker.invokeConfigurationMethod(ConfigInvoker.java:400)
at org.testng.internal.invokers.ConfigInvoker.invokeConfigurations(ConfigInvoker.java:333)
at org.testng.internal.invokers.TestMethodWorker.invokeBeforeClassMethods(TestMethodWorker.java:188)
at org.testng.internal.invokers.TestMethodWorker.run(TestMethodWorker.java:128)
at java.base/java.util.concurrent.Executors$RunnableAdapter.call(Executors.java:572)
at java.base/java.util.concurrent.FutureTask.run(FutureTask.java:317)
at org.testng.internal.thread.graph.TestNGFutureTask.run(TestNGFutureTask.java:22)
at java.base/java.util.concurrent.ThreadPoolExecutor.runWorker(ThreadPoolExecutor.java:1144)
at java.base/java.util.concurrent.ThreadPoolExecutor$Worker.run(ThreadPoolExecutor.java:642)
at java.base/java.lang.Thread.run(Thread.java:1570)
]]>
            </full-stacktrace>
          </exception> <!-- java.lang.NullPointerException -->
          <reporter-output>
          </reporter-output>
        </test-method> <!-- operationtryhere -->
        <test-method signature="executeoperationsTryHere()[pri:3, instance:tests.StackTestcases@5b619d14]" started-at="2024-12-16T14:26:28 GMT-05:00" name="executeoperationsTryHere" finished-at="2024-12-16T14:26:28 GMT-05:00" duration-ms="0" status="SKIP">
          <exception class="java.lang.NullPointerException">
            <message>
              <![CDATA[Cannot invoke "org.openqa.selenium.WebDriver.get(String)" because "driver" is null]]>
            </message>
            <full-stacktrace>
              <![CDATA[java.lang.NullPointerException: Cannot invoke "org.openqa.selenium.WebDriver.get(String)" because "driver" is null
at tests.BaseCases.login(BaseCases.java:68)
at tests.StackTestcases.setUp(StackTestcases.java:30)
at java.base/jdk.internal.reflect.DirectMethodHandleAccessor.invoke(DirectMethodHandleAccessor.java:103)
at java.base/java.lang.reflect.Method.invoke(Method.java:580)
at org.testng.internal.invokers.MethodInvocationHelper.invokeMethod(MethodInvocationHelper.java:141)
at org.testng.internal.invokers.MethodInvocationHelper.invokeMethodConsideringTimeout(MethodInvocationHelper.java:71)
at org.testng.internal.invokers.ConfigInvoker.invokeConfigurationMethod(ConfigInvoker.java:400)
at org.testng.internal.invokers.ConfigInvoker.invokeConfigurations(ConfigInvoker.java:333)
at org.testng.internal.invokers.TestMethodWorker.invokeBeforeClassMethods(TestMethodWorker.java:188)
at org.testng.internal.invokers.TestMethodWorker.run(TestMethodWorker.java:128)
at java.base/java.util.concurrent.Executors$RunnableAdapter.call(Executors.java:572)
at java.base/java.util.concurrent.FutureTask.run(FutureTask.java:317)
at org.testng.internal.thread.graph.TestNGFutureTask.run(TestNGFutureTask.java:22)
at java.base/java.util.concurrent.ThreadPoolExecutor.runWorker(ThreadPoolExecutor.java:1144)
at java.base/java.util.concurrent.ThreadPoolExecutor$Worker.run(ThreadPoolExecutor.java:642)
at java.base/java.lang.Thread.run(Thread.java:1570)
]]>
            </full-stacktrace>
          </exception> <!-- java.lang.NullPointerException -->
          <reporter-output>
          </reporter-output>
        </test-method> <!-- executeoperationsTryHere -->
        <test-method signature="Implementation()[pri:4, instance:tests.StackTestcases@5b619d14]" started-at="2024-12-16T14:26:28 GMT-05:00" name="Implementation" finished-at="2024-12-16T14:26:28 GMT-05:00" duration-ms="0" status="SKIP">
          <exception class="java.lang.NullPointerException">
            <message>
              <![CDATA[Cannot invoke "org.openqa.selenium.WebDriver.get(String)" because "driver" is null]]>
            </message>
            <full-stacktrace>
              <![CDATA[java.lang.NullPointerException: Cannot invoke "org.openqa.selenium.WebDriver.get(String)" because "driver" is null
at tests.BaseCases.login(BaseCases.java:68)
at tests.StackTestcases.setUp(StackTestcases.java:30)
at java.base/jdk.internal.reflect.DirectMethodHandleAccessor.invoke(DirectMethodHandleAccessor.java:103)
at java.base/java.lang.reflect.Method.invoke(Method.java:580)
at org.testng.internal.invokers.MethodInvocationHelper.invokeMethod(MethodInvocationHelper.java:141)
at org.testng.internal.invokers.MethodInvocationHelper.invokeMethodConsideringTimeout(MethodInvocationHelper.java:71)
at org.testng.internal.invokers.ConfigInvoker.invokeConfigurationMethod(ConfigInvoker.java:400)
at org.testng.internal.invokers.ConfigInvoker.invokeConfigurations(ConfigInvoker.java:333)
at org.testng.internal.invokers.TestMethodWorker.invokeBeforeClassMethods(TestMethodWorker.java:188)
at org.testng.internal.invokers.TestMethodWorker.run(TestMethodWorker.java:128)
at java.base/java.util.concurrent.Executors$RunnableAdapter.call(Executors.java:572)
at java.base/java.util.concurrent.FutureTask.run(FutureTask.java:317)
at org.testng.internal.thread.graph.TestNGFutureTask.run(TestNGFutureTask.java:22)
at java.base/java.util.concurrent.ThreadPoolExecutor.runWorker(ThreadPoolExecutor.java:1144)
at java.base/java.util.concurrent.ThreadPoolExecutor$Worker.run(ThreadPoolExecutor.java:642)
at java.base/java.lang.Thread.run(Thread.java:1570)
]]>
            </full-stacktrace>
          </exception> <!-- java.lang.NullPointerException -->
          <reporter-output>
          </reporter-output>
        </test-method> <!-- Implementation -->
        <test-method signature="Implementationtryhere()[pri:5, instance:tests.StackTestcases@5b619d14]" started-at="2024-12-16T14:26:28 GMT-05:00" name="Implementationtryhere" finished-at="2024-12-16T14:26:28 GMT-05:00" duration-ms="0" status="SKIP">
          <exception class="java.lang.NullPointerException">
            <message>
              <![CDATA[Cannot invoke "org.openqa.selenium.WebDriver.get(String)" because "driver" is null]]>
            </message>
            <full-stacktrace>
              <![CDATA[java.lang.NullPointerException: Cannot invoke "org.openqa.selenium.WebDriver.get(String)" because "driver" is null
at tests.BaseCases.login(BaseCases.java:68)
at tests.StackTestcases.setUp(StackTestcases.java:30)
at java.base/jdk.internal.reflect.DirectMethodHandleAccessor.invoke(DirectMethodHandleAccessor.java:103)
at java.base/java.lang.reflect.Method.invoke(Method.java:580)
at org.testng.internal.invokers.MethodInvocationHelper.invokeMethod(MethodInvocationHelper.java:141)
at org.testng.internal.invokers.MethodInvocationHelper.invokeMethodConsideringTimeout(MethodInvocationHelper.java:71)
at org.testng.internal.invokers.ConfigInvoker.invokeConfigurationMethod(ConfigInvoker.java:400)
at org.testng.internal.invokers.ConfigInvoker.invokeConfigurations(ConfigInvoker.java:333)
at org.testng.internal.invokers.TestMethodWorker.invokeBeforeClassMethods(TestMethodWorker.java:188)
at org.testng.internal.invokers.TestMethodWorker.run(TestMethodWorker.java:128)
at java.base/java.util.concurrent.Executors$RunnableAdapter.call(Executors.java:572)
at java.base/java.util.concurrent.FutureTask.run(FutureTask.java:317)
at org.testng.internal.thread.graph.TestNGFutureTask.run(TestNGFutureTask.java:22)
at java.base/java.util.concurrent.ThreadPoolExecutor.runWorker(ThreadPoolExecutor.java:1144)
at java.base/java.util.concurrent.ThreadPoolExecutor$Worker.run(ThreadPoolExecutor.java:642)
at java.base/java.lang.Thread.run(Thread.java:1570)
]]>
            </full-stacktrace>
          </exception> <!-- java.lang.NullPointerException -->
          <reporter-output>
          </reporter-output>
        </test-method> <!-- Implementationtryhere -->
        <test-method signature="executeImplementationTryHere()[pri:6, instance:tests.StackTestcases@5b619d14]" started-at="2024-12-16T14:26:28 GMT-05:00" name="executeImplementationTryHere" finished-at="2024-12-16T14:26:28 GMT-05:00" duration-ms="0" status="SKIP">
          <exception class="java.lang.NullPointerException">
            <message>
              <![CDATA[Cannot invoke "org.openqa.selenium.WebDriver.get(String)" because "driver" is null]]>
            </message>
            <full-stacktrace>
              <![CDATA[java.lang.NullPointerException: Cannot invoke "org.openqa.selenium.WebDriver.get(String)" because "driver" is null
at tests.BaseCases.login(BaseCases.java:68)
at tests.StackTestcases.setUp(StackTestcases.java:30)
at java.base/jdk.internal.reflect.DirectMethodHandleAccessor.invoke(DirectMethodHandleAccessor.java:103)
at java.base/java.lang.reflect.Method.invoke(Method.java:580)
at org.testng.internal.invokers.MethodInvocationHelper.invokeMethod(MethodInvocationHelper.java:141)
at org.testng.internal.invokers.MethodInvocationHelper.invokeMethodConsideringTimeout(MethodInvocationHelper.java:71)
at org.testng.internal.invokers.ConfigInvoker.invokeConfigurationMethod(ConfigInvoker.java:400)
at org.testng.internal.invokers.ConfigInvoker.invokeConfigurations(ConfigInvoker.java:333)
at org.testng.internal.invokers.TestMethodWorker.invokeBeforeClassMethods(TestMethodWorker.java:188)
at org.testng.internal.invokers.TestMethodWorker.run(TestMethodWorker.java:128)
at java.base/java.util.concurrent.Executors$RunnableAdapter.call(Executors.java:572)
at java.base/java.util.concurrent.FutureTask.run(FutureTask.java:317)
at org.testng.internal.thread.graph.TestNGFutureTask.run(TestNGFutureTask.java:22)
at java.base/java.util.concurrent.ThreadPoolExecutor.runWorker(ThreadPoolExecutor.java:1144)
at java.base/java.util.concurrent.ThreadPoolExecutor$Worker.run(ThreadPoolExecutor.java:642)
at java.base/java.lang.Thread.run(Thread.java:1570)
]]>
            </full-stacktrace>
          </exception> <!-- java.lang.NullPointerException -->
          <reporter-output>
          </reporter-output>
        </test-method> <!-- executeImplementationTryHere -->
        <test-method signature="Applications()[pri:7, instance:tests.StackTestcases@5b619d14]" started-at="2024-12-16T14:26:28 GMT-05:00" name="Applications" finished-at="2024-12-16T14:26:28 GMT-05:00" duration-ms="0" status="SKIP">
          <exception class="java.lang.NullPointerException">
            <message>
              <![CDATA[Cannot invoke "org.openqa.selenium.WebDriver.get(String)" because "driver" is null]]>
            </message>
            <full-stacktrace>
              <![CDATA[java.lang.NullPointerException: Cannot invoke "org.openqa.selenium.WebDriver.get(String)" because "driver" is null
at tests.BaseCases.login(BaseCases.java:68)
at tests.StackTestcases.setUp(StackTestcases.java:30)
at java.base/jdk.internal.reflect.DirectMethodHandleAccessor.invoke(DirectMethodHandleAccessor.java:103)
at java.base/java.lang.reflect.Method.invoke(Method.java:580)
at org.testng.internal.invokers.MethodInvocationHelper.invokeMethod(MethodInvocationHelper.java:141)
at org.testng.internal.invokers.MethodInvocationHelper.invokeMethodConsideringTimeout(MethodInvocationHelper.java:71)
at org.testng.internal.invokers.ConfigInvoker.invokeConfigurationMethod(ConfigInvoker.java:400)
at org.testng.internal.invokers.ConfigInvoker.invokeConfigurations(ConfigInvoker.java:333)
at org.testng.internal.invokers.TestMethodWorker.invokeBeforeClassMethods(TestMethodWorker.java:188)
at org.testng.internal.invokers.TestMethodWorker.run(TestMethodWorker.java:128)
at java.base/java.util.concurrent.Executors$RunnableAdapter.call(Executors.java:572)
at java.base/java.util.concurrent.FutureTask.run(FutureTask.java:317)
at org.testng.internal.thread.graph.TestNGFutureTask.run(TestNGFutureTask.java:22)
at java.base/java.util.concurrent.ThreadPoolExecutor.runWorker(ThreadPoolExecutor.java:1144)
at java.base/java.util.concurrent.ThreadPoolExecutor$Worker.run(ThreadPoolExecutor.java:642)
at java.base/java.lang.Thread.run(Thread.java:1570)
]]>
            </full-stacktrace>
          </exception> <!-- java.lang.NullPointerException -->
          <reporter-output>
          </reporter-output>
        </test-method> <!-- Applications -->
        <test-method signature="ApplicationsTryHere()[pri:8, instance:tests.StackTestcases@5b619d14]" started-at="2024-12-16T14:26:28 GMT-05:00" name="ApplicationsTryHere" finished-at="2024-12-16T14:26:28 GMT-05:00" duration-ms="1" status="SKIP">
          <exception class="java.lang.NullPointerException">
            <message>
              <![CDATA[Cannot invoke "org.openqa.selenium.WebDriver.get(String)" because "driver" is null]]>
            </message>
            <full-stacktrace>
              <![CDATA[java.lang.NullPointerException: Cannot invoke "org.openqa.selenium.WebDriver.get(String)" because "driver" is null
at tests.BaseCases.login(BaseCases.java:68)
at tests.StackTestcases.setUp(StackTestcases.java:30)
at java.base/jdk.internal.reflect.DirectMethodHandleAccessor.invoke(DirectMethodHandleAccessor.java:103)
at java.base/java.lang.reflect.Method.invoke(Method.java:580)
at org.testng.internal.invokers.MethodInvocationHelper.invokeMethod(MethodInvocationHelper.java:141)
at org.testng.internal.invokers.MethodInvocationHelper.invokeMethodConsideringTimeout(MethodInvocationHelper.java:71)
at org.testng.internal.invokers.ConfigInvoker.invokeConfigurationMethod(ConfigInvoker.java:400)
at org.testng.internal.invokers.ConfigInvoker.invokeConfigurations(ConfigInvoker.java:333)
at org.testng.internal.invokers.TestMethodWorker.invokeBeforeClassMethods(TestMethodWorker.java:188)
at org.testng.internal.invokers.TestMethodWorker.run(TestMethodWorker.java:128)
at java.base/java.util.concurrent.Executors$RunnableAdapter.call(Executors.java:572)
at java.base/java.util.concurrent.FutureTask.run(FutureTask.java:317)
at org.testng.internal.thread.graph.TestNGFutureTask.run(TestNGFutureTask.java:22)
at java.base/java.util.concurrent.ThreadPoolExecutor.runWorker(ThreadPoolExecutor.java:1144)
at java.base/java.util.concurrent.ThreadPoolExecutor$Worker.run(ThreadPoolExecutor.java:642)
at java.base/java.lang.Thread.run(Thread.java:1570)
]]>
            </full-stacktrace>
          </exception> <!-- java.lang.NullPointerException -->
          <reporter-output>
          </reporter-output>
        </test-method> <!-- ApplicationsTryHere -->
        <test-method signature="executeApplicationsTryHere()[pri:9, instance:tests.StackTestcases@5b619d14]" started-at="2024-12-16T14:26:28 GMT-05:00" name="executeApplicationsTryHere" finished-at="2024-12-16T14:26:28 GMT-05:00" duration-ms="0" status="SKIP">
          <exception class="java.lang.NullPointerException">
            <message>
              <![CDATA[Cannot invoke "org.openqa.selenium.WebDriver.get(String)" because "driver" is null]]>
            </message>
            <full-stacktrace>
              <![CDATA[java.lang.NullPointerException: Cannot invoke "org.openqa.selenium.WebDriver.get(String)" because "driver" is null
at tests.BaseCases.login(BaseCases.java:68)
at tests.StackTestcases.setUp(StackTestcases.java:30)
at java.base/jdk.internal.reflect.DirectMethodHandleAccessor.invoke(DirectMethodHandleAccessor.java:103)
at java.base/java.lang.reflect.Method.invoke(Method.java:580)
at org.testng.internal.invokers.MethodInvocationHelper.invokeMethod(MethodInvocationHelper.java:141)
at org.testng.internal.invokers.MethodInvocationHelper.invokeMethodConsideringTimeout(MethodInvocationHelper.java:71)
at org.testng.internal.invokers.ConfigInvoker.invokeConfigurationMethod(ConfigInvoker.java:400)
at org.testng.internal.invokers.ConfigInvoker.invokeConfigurations(ConfigInvoker.java:333)
at org.testng.internal.invokers.TestMethodWorker.invokeBeforeClassMethods(TestMethodWorker.java:188)
at org.testng.internal.invokers.TestMethodWorker.run(TestMethodWorker.java:128)
at java.base/java.util.concurrent.Executors$RunnableAdapter.call(Executors.java:572)
at java.base/java.util.concurrent.FutureTask.run(FutureTask.java:317)
at org.testng.internal.thread.graph.TestNGFutureTask.run(TestNGFutureTask.java:22)
at java.base/java.util.concurrent.ThreadPoolExecutor.runWorker(ThreadPoolExecutor.java:1144)
at java.base/java.util.concurrent.ThreadPoolExecutor$Worker.run(ThreadPoolExecutor.java:642)
at java.base/java.lang.Thread.run(Thread.java:1570)
]]>
            </full-stacktrace>
          </exception> <!-- java.lang.NullPointerException -->
          <reporter-output>
          </reporter-output>
        </test-method> <!-- executeApplicationsTryHere -->
        <test-method signature="userclickspractice_question_link()[pri:10, instance:tests.StackTestcases@5b619d14]" started-at="2024-12-16T14:26:28 GMT-05:00" name="userclickspractice_question_link" finished-at="2024-12-16T14:26:28 GMT-05:00" duration-ms="0" status="SKIP">
          <exception class="java.lang.NullPointerException">
            <message>
              <![CDATA[Cannot invoke "org.openqa.selenium.WebDriver.get(String)" because "driver" is null]]>
            </message>
            <full-stacktrace>
              <![CDATA[java.lang.NullPointerException: Cannot invoke "org.openqa.selenium.WebDriver.get(String)" because "driver" is null
at tests.BaseCases.login(BaseCases.java:68)
at tests.StackTestcases.setUp(StackTestcases.java:30)
at java.base/jdk.internal.reflect.DirectMethodHandleAccessor.invoke(DirectMethodHandleAccessor.java:103)
at java.base/java.lang.reflect.Method.invoke(Method.java:580)
at org.testng.internal.invokers.MethodInvocationHelper.invokeMethod(MethodInvocationHelper.java:141)
at org.testng.internal.invokers.MethodInvocationHelper.invokeMethodConsideringTimeout(MethodInvocationHelper.java:71)
at org.testng.internal.invokers.ConfigInvoker.invokeConfigurationMethod(ConfigInvoker.java:400)
at org.testng.internal.invokers.ConfigInvoker.invokeConfigurations(ConfigInvoker.java:333)
at org.testng.internal.invokers.TestMethodWorker.invokeBeforeClassMethods(TestMethodWorker.java:188)
at org.testng.internal.invokers.TestMethodWorker.run(TestMethodWorker.java:128)
at java.base/java.util.concurrent.Executors$RunnableAdapter.call(Executors.java:572)
at java.base/java.util.concurrent.FutureTask.run(FutureTask.java:317)
at org.testng.internal.thread.graph.TestNGFutureTask.run(TestNGFutureTask.java:22)
at java.base/java.util.concurrent.ThreadPoolExecutor.runWorker(ThreadPoolExecutor.java:1144)
at java.base/java.util.concurrent.ThreadPoolExecutor$Worker.run(ThreadPoolExecutor.java:642)
at java.base/java.lang.Thread.run(Thread.java:1570)
]]>
            </full-stacktrace>
          </exception> <!-- java.lang.NullPointerException -->
          <reporter-output>
          </reporter-output>
        </test-method> <!-- userclickspractice_question_link -->
        <test-method is-config="true" signature="user_clicks_on_logout_link()[pri:0, instance:tests.StackTestcases@5b619d14]" started-at="2024-12-16T14:26:28 GMT-05:00" name="user_clicks_on_logout_link" finished-at="2024-12-16T14:26:28 GMT-05:00" duration-ms="0" status="SKIP">
          <reporter-output>
          </reporter-output>
        </test-method> <!-- user_clicks_on_logout_link -->
        <test-method is-config="true" signature="tearDown()[pri:0, instance:tests.StackTestcases@5b619d14]" started-at="2024-12-16T14:26:28 GMT-05:00" name="tearDown" finished-at="2024-12-16T14:26:28 GMT-05:00" duration-ms="0" status="SKIP">
          <reporter-output>
          </reporter-output>
        </test-method> <!-- tearDown -->
      </class> <!-- tests.StackTestcases -->
      <class name="tests.LinkedListCases">
        <test-method is-config="true" signature="setUp()[pri:0, instance:tests.LinkedListCases@1f6c9cd8]" started-at="2024-12-16T14:26:28 GMT-05:00" name="setUp" finished-at="2024-12-16T14:26:34 GMT-05:00" duration-ms="6137" status="PASS">
          <reporter-output>
          </reporter-output>
        </test-method> <!-- setUp -->
        <test-method signature="clicksIntroductionLink()[pri:1, instance:tests.LinkedListCases@1f6c9cd8]" started-at="2024-12-16T14:26:34 GMT-05:00" name="clicksIntroductionLink" finished-at="2024-12-16T14:26:35 GMT-05:00" duration-ms="1629" status="PASS">
          <reporter-output>
          </reporter-output>
        </test-method> <!-- clicksIntroductionLink -->
        <test-method signature="clicksSubIntroductionLink()[pri:2, instance:tests.LinkedListCases@1f6c9cd8]" started-at="2024-12-16T14:26:35 GMT-05:00" name="clicksSubIntroductionLink" finished-at="2024-12-16T14:26:36 GMT-05:00" duration-ms="516" status="PASS">
          <reporter-output>
          </reporter-output>
        </test-method> <!-- clicksSubIntroductionLink -->
        <test-method signature="clicksSubIntroductionLinkTryHere()[pri:3, instance:tests.LinkedListCases@1f6c9cd8]" started-at="2024-12-16T14:26:36 GMT-05:00" name="clicksSubIntroductionLinkTryHere" finished-at="2024-12-16T14:26:37 GMT-05:00" duration-ms="966" status="PASS">
          <reporter-output>
          </reporter-output>
        </test-method> <!-- clicksSubIntroductionLinkTryHere -->
        <test-method signature="executeSubIntroductionLinkTryHere()[pri:4, instance:tests.LinkedListCases@1f6c9cd8]" started-at="2024-12-16T14:26:37 GMT-05:00" name="executeSubIntroductionLinkTryHere" finished-at="2024-12-16T14:26:38 GMT-05:00" duration-ms="637" status="PASS">
          <reporter-output>
          </reporter-output>
        </test-method> <!-- executeSubIntroductionLinkTryHere -->
        <test-method signature="clicksCreateLinkedListLink()[pri:5, instance:tests.LinkedListCases@1f6c9cd8]" started-at="2024-12-16T14:26:38 GMT-05:00" name="clicksCreateLinkedListLink" finished-at="2024-12-16T14:26:39 GMT-05:00" duration-ms="1222" status="PASS">
          <reporter-output>
          </reporter-output>
        </test-method> <!-- clicksCreateLinkedListLink -->
        <test-method signature="clicksSubCreatingLinkedListLink()[pri:6, instance:tests.LinkedListCases@1f6c9cd8]" started-at="2024-12-16T14:26:39 GMT-05:00" name="clicksSubCreatingLinkedListLink" finished-at="2024-12-16T14:26:39 GMT-05:00" duration-ms="374" status="PASS">
          <reporter-output>
          </reporter-output>
        </test-method> <!-- clicksSubCreatingLinkedListLink -->
        <test-method signature="clicksSubCreatingLinkTryHere()[pri:7, instance:tests.LinkedListCases@1f6c9cd8]" started-at="2024-12-16T14:26:39 GMT-05:00" name="clicksSubCreatingLinkTryHere" finished-at="2024-12-16T14:26:40 GMT-05:00" duration-ms="462" status="PASS">
          <reporter-output>
          </reporter-output>
        </test-method> <!-- clicksSubCreatingLinkTryHere -->
        <test-method signature="executeSubCreatingLinkTryHere()[pri:8, instance:tests.LinkedListCases@1f6c9cd8]" started-at="2024-12-16T14:26:40 GMT-05:00" name="executeSubCreatingLinkTryHere" finished-at="2024-12-16T14:26:40 GMT-05:00" duration-ms="650" status="PASS">
          <reporter-output>
          </reporter-output>
        </test-method> <!-- executeSubCreatingLinkTryHere -->
        <test-method signature="clicksTypesLinkedLink()[pri:9, instance:tests.LinkedListCases@1f6c9cd8]" started-at="2024-12-16T14:26:40 GMT-05:00" name="clicksTypesLinkedLink" finished-at="2024-12-16T14:26:42 GMT-05:00" duration-ms="1379" status="PASS">
          <reporter-output>
          </reporter-output>
        </test-method> <!-- clicksTypesLinkedLink -->
        <test-method signature="clicksSubTypesOfLinkedListLink()[pri:10, instance:tests.LinkedListCases@1f6c9cd8]" started-at="2024-12-16T14:26:42 GMT-05:00" name="clicksSubTypesOfLinkedListLink" finished-at="2024-12-16T14:26:42 GMT-05:00" duration-ms="458" status="PASS">
          <reporter-output>
          </reporter-output>
        </test-method> <!-- clicksSubTypesOfLinkedListLink -->
        <test-method signature="clicksSubTypesOfLinkTryHere()[pri:11, instance:tests.LinkedListCases@1f6c9cd8]" started-at="2024-12-16T14:26:42 GMT-05:00" name="clicksSubTypesOfLinkTryHere" finished-at="2024-12-16T14:26:43 GMT-05:00" duration-ms="455" status="PASS">
          <reporter-output>
          </reporter-output>
        </test-method> <!-- clicksSubTypesOfLinkTryHere -->
        <test-method signature="executeSubTypesOfLinkTryHere()[pri:12, instance:tests.LinkedListCases@1f6c9cd8]" started-at="2024-12-16T14:26:43 GMT-05:00" name="executeSubTypesOfLinkTryHere" finished-at="2024-12-16T14:26:43 GMT-05:00" duration-ms="716" status="PASS">
          <reporter-output>
          </reporter-output>
        </test-method> <!-- executeSubTypesOfLinkTryHere -->
        <test-method signature="clicksImplementLinkedLink()[pri:13, instance:tests.LinkedListCases@1f6c9cd8]" started-at="2024-12-16T14:26:43 GMT-05:00" name="clicksImplementLinkedLink" finished-at="2024-12-16T14:26:44 GMT-05:00" duration-ms="1169" status="PASS">
          <reporter-output>
          </reporter-output>
        </test-method> <!-- clicksImplementLinkedLink -->
        <test-method signature="user_clicks_on_sub_implement_link()[pri:14, instance:tests.LinkedListCases@1f6c9cd8]" started-at="2024-12-16T14:26:44 GMT-05:00" name="user_clicks_on_sub_implement_link" finished-at="2024-12-16T14:26:45 GMT-05:00" duration-ms="323" status="PASS">
          <reporter-output>
          </reporter-output>
        </test-method> <!-- user_clicks_on_sub_implement_link -->
        <test-method signature="clicksSubImplementLinkTryHere()[pri:15, instance:tests.LinkedListCases@1f6c9cd8]" started-at="2024-12-16T14:26:45 GMT-05:00" name="clicksSubImplementLinkTryHere" finished-at="2024-12-16T14:26:45 GMT-05:00" duration-ms="338" status="PASS">
          <reporter-output>
          </reporter-output>
        </test-method> <!-- clicksSubImplementLinkTryHere -->
        <test-method signature="executeSubImplementLinkTryHere()[pri:16, instance:tests.LinkedListCases@1f6c9cd8]" started-at="2024-12-16T14:26:45 GMT-05:00" name="executeSubImplementLinkTryHere" finished-at="2024-12-16T14:26:46 GMT-05:00" duration-ms="475" status="PASS">
          <reporter-output>
          </reporter-output>
        </test-method> <!-- executeSubImplementLinkTryHere -->
        <test-method signature="clicksTraversalLinkedListLink()[pri:17, instance:tests.LinkedListCases@1f6c9cd8]" started-at="2024-12-16T14:26:46 GMT-05:00" name="clicksTraversalLinkedListLink" finished-at="2024-12-16T14:26:47 GMT-05:00" duration-ms="1058" status="PASS">
          <reporter-output>
          </reporter-output>
        </test-method> <!-- clicksTraversalLinkedListLink -->
        <test-method signature="user_clicks_on_traverse_sub_linked_list_link()[pri:18, instance:tests.LinkedListCases@1f6c9cd8]" started-at="2024-12-16T14:26:47 GMT-05:00" name="user_clicks_on_traverse_sub_linked_list_link" finished-at="2024-12-16T14:26:47 GMT-05:00" duration-ms="301" status="PASS">
          <reporter-output>
          </reporter-output>
        </test-method> <!-- user_clicks_on_traverse_sub_linked_list_link -->
        <test-method signature="clicksSubTraversalLinkTryHere()[pri:19, instance:tests.LinkedListCases@1f6c9cd8]" started-at="2024-12-16T14:26:47 GMT-05:00" name="clicksSubTraversalLinkTryHere" finished-at="2024-12-16T14:26:47 GMT-05:00" duration-ms="305" status="PASS">
          <reporter-output>
          </reporter-output>
        </test-method> <!-- clicksSubTraversalLinkTryHere -->
        <test-method signature="executeSubTraversalLinkTryHere()[pri:20, instance:tests.LinkedListCases@1f6c9cd8]" started-at="2024-12-16T14:26:47 GMT-05:00" name="executeSubTraversalLinkTryHere" finished-at="2024-12-16T14:26:48 GMT-05:00" duration-ms="470" status="PASS">
          <reporter-output>
          </reporter-output>
        </test-method> <!-- executeSubTraversalLinkTryHere -->
        <test-method signature="clicksInsertLinkedListLink()[pri:21, instance:tests.LinkedListCases@1f6c9cd8]" started-at="2024-12-16T14:26:48 GMT-05:00" name="clicksInsertLinkedListLink" finished-at="2024-12-16T14:26:49 GMT-05:00" duration-ms="889" status="PASS">
          <reporter-output>
          </reporter-output>
        </test-method> <!-- clicksInsertLinkedListLink -->
        <test-method signature="user_clicks_on_sub_insert_linked_list_link()[pri:22, instance:tests.LinkedListCases@1f6c9cd8]" started-at="2024-12-16T14:26:49 GMT-05:00" name="user_clicks_on_sub_insert_linked_list_link" finished-at="2024-12-16T14:26:49 GMT-05:00" duration-ms="329" status="PASS">
          <reporter-output>
          </reporter-output>
        </test-method> <!-- user_clicks_on_sub_insert_linked_list_link -->
        <test-method signature="clicksSubInsertLinkTryHere()[pri:23, instance:tests.LinkedListCases@1f6c9cd8]" started-at="2024-12-16T14:26:49 GMT-05:00" name="clicksSubInsertLinkTryHere" finished-at="2024-12-16T14:26:49 GMT-05:00" duration-ms="346" status="PASS">
          <reporter-output>
          </reporter-output>
        </test-method> <!-- clicksSubInsertLinkTryHere -->
        <test-method signature="executeInsertOfLinkTryHere()[pri:24, instance:tests.LinkedListCases@1f6c9cd8]" started-at="2024-12-16T14:26:49 GMT-05:00" name="executeInsertOfLinkTryHere" finished-at="2024-12-16T14:26:50 GMT-05:00" duration-ms="441" status="PASS">
          <reporter-output>
          </reporter-output>
        </test-method> <!-- executeInsertOfLinkTryHere -->
        <test-method signature="clicksDeleteLinkedListLink()[pri:25, instance:tests.LinkedListCases@1f6c9cd8]" started-at="2024-12-16T14:26:50 GMT-05:00" name="clicksDeleteLinkedListLink" finished-at="2024-12-16T14:26:51 GMT-05:00" duration-ms="858" status="PASS">
          <reporter-output>
          </reporter-output>
        </test-method> <!-- clicksDeleteLinkedListLink -->
        <test-method signature="user_clicks_on_sub_delete_linked_list_link()[pri:26, instance:tests.LinkedListCases@1f6c9cd8]" started-at="2024-12-16T14:26:51 GMT-05:00" name="user_clicks_on_sub_delete_linked_list_link" finished-at="2024-12-16T14:26:51 GMT-05:00" duration-ms="329" status="PASS">
          <reporter-output>
          </reporter-output>
        </test-method> <!-- user_clicks_on_sub_delete_linked_list_link -->
        <test-method signature="clicksSubDeleteLinkTryHere()[pri:27, instance:tests.LinkedListCases@1f6c9cd8]" started-at="2024-12-16T14:26:51 GMT-05:00" name="clicksSubDeleteLinkTryHere" finished-at="2024-12-16T14:26:51 GMT-05:00" duration-ms="345" status="PASS">
          <reporter-output>
          </reporter-output>
        </test-method> <!-- clicksSubDeleteLinkTryHere -->
        <test-method signature="executeSubDeleteLinkTryHere()[pri:28, instance:tests.LinkedListCases@1f6c9cd8]" started-at="2024-12-16T14:26:51 GMT-05:00" name="executeSubDeleteLinkTryHere" finished-at="2024-12-16T14:26:52 GMT-05:00" duration-ms="491" status="PASS">
          <reporter-output>
          </reporter-output>
        </test-method> <!-- executeSubDeleteLinkTryHere -->
        <test-method signature="user_clicks_on_sub_linked_practice_question_link()[pri:29, instance:tests.LinkedListCases@1f6c9cd8]" started-at="2024-12-16T14:26:52 GMT-05:00" name="user_clicks_on_sub_linked_practice_question_link" finished-at="2024-12-16T14:26:53 GMT-05:00" duration-ms="1304" status="PASS">
          <reporter-output>
          </reporter-output>
        </test-method> <!-- user_clicks_on_sub_linked_practice_question_link -->
        <test-method is-config="true" signature="user_clicks_on_logout_link()[pri:0, instance:tests.LinkedListCases@1f6c9cd8]" started-at="2024-12-16T14:26:53 GMT-05:00" name="user_clicks_on_logout_link" finished-at="2024-12-16T14:26:54 GMT-05:00" duration-ms="889" status="PASS">
          <reporter-output>
          </reporter-output>
        </test-method> <!-- user_clicks_on_logout_link -->
        <test-method is-config="true" signature="tearDown()[pri:0, instance:tests.LinkedListCases@1f6c9cd8]" started-at="2024-12-16T14:26:54 GMT-05:00" name="tearDown" finished-at="2024-12-16T14:26:54 GMT-05:00" duration-ms="1" status="PASS">
          <reporter-output>
          </reporter-output>
        </test-method> <!-- tearDown -->
      </class> <!-- tests.LinkedListCases -->
      <class name="tests.GraphTestCases">
        <test-method is-config="true" signature="graphSetup()[pri:0, instance:tests.GraphTestCases@1817f1eb]" started-at="2024-12-16T14:26:28 GMT-05:00" name="graphSetup" finished-at="2024-12-16T14:26:34 GMT-05:00" duration-ms="6292" status="PASS">
          <reporter-output>
          </reporter-output>
        </test-method> <!-- graphSetup -->
        <test-method signature="user_clicks_on_graph_link()[pri:1, instance:tests.GraphTestCases@1817f1eb]" started-at="2024-12-16T14:26:34 GMT-05:00" name="user_clicks_on_graph_link" finished-at="2024-12-16T14:26:35 GMT-05:00" duration-ms="1541" status="PASS">
          <reporter-output>
          </reporter-output>
        </test-method> <!-- user_clicks_on_graph_link -->
        <test-method signature="user_clicks_on_sub_graph_link()[pri:2, instance:tests.GraphTestCases@1817f1eb]" started-at="2024-12-16T14:26:35 GMT-05:00" name="user_clicks_on_sub_graph_link" finished-at="2024-12-16T14:26:36 GMT-05:00" duration-ms="399" status="PASS">
          <reporter-output>
          </reporter-output>
        </test-method> <!-- user_clicks_on_sub_graph_link -->
        <test-method signature="clicksGraphLinkTryHere()[pri:3, instance:tests.GraphTestCases@1817f1eb]" started-at="2024-12-16T14:26:36 GMT-05:00" name="clicksGraphLinkTryHere" finished-at="2024-12-16T14:26:37 GMT-05:00" duration-ms="912" status="PASS">
          <reporter-output>
          </reporter-output>
        </test-method> <!-- clicksGraphLinkTryHere -->
        <test-method signature="executeGraphLinkTryHere()[pri:4, instance:tests.GraphTestCases@1817f1eb]" started-at="2024-12-16T14:26:37 GMT-05:00" name="executeGraphLinkTryHere" finished-at="2024-12-16T14:26:37 GMT-05:00" duration-ms="690" status="PASS">
          <reporter-output>
          </reporter-output>
        </test-method> <!-- executeGraphLinkTryHere -->
        <test-method signature="user_clicks_on_graph_represent_link()[pri:5, instance:tests.GraphTestCases@1817f1eb]" started-at="2024-12-16T14:26:37 GMT-05:00" name="user_clicks_on_graph_represent_link" finished-at="2024-12-16T14:26:39 GMT-05:00" duration-ms="1188" status="PASS">
          <reporter-output>
          </reporter-output>
        </test-method> <!-- user_clicks_on_graph_represent_link -->
        <test-method signature="user_clicks_on_sub_graph_represent_link()[pri:6, instance:tests.GraphTestCases@1817f1eb]" started-at="2024-12-16T14:26:39 GMT-05:00" name="user_clicks_on_sub_graph_represent_link" finished-at="2024-12-16T14:26:39 GMT-05:00" duration-ms="348" status="PASS">
          <reporter-output>
          </reporter-output>
        </test-method> <!-- user_clicks_on_sub_graph_represent_link -->
        <test-method signature="clicksGraphRepresentLinkTryHere()[pri:7, instance:tests.GraphTestCases@1817f1eb]" started-at="2024-12-16T14:26:39 GMT-05:00" name="clicksGraphRepresentLinkTryHere" finished-at="2024-12-16T14:26:39 GMT-05:00" duration-ms="451" status="PASS">
          <reporter-output>
          </reporter-output>
        </test-method> <!-- clicksGraphRepresentLinkTryHere -->
        <test-method signature="executeGraphRepresentLinkTryHere()[pri:8, instance:tests.GraphTestCases@1817f1eb]" started-at="2024-12-16T14:26:39 GMT-05:00" name="executeGraphRepresentLinkTryHere" finished-at="2024-12-16T14:26:40 GMT-05:00" duration-ms="754" status="PASS">
          <reporter-output>
          </reporter-output>
        </test-method> <!-- executeGraphRepresentLinkTryHere -->
        <test-method signature="user_clicks_on_graph_practice_test_link()[pri:9, instance:tests.GraphTestCases@1817f1eb]" started-at="2024-12-16T14:26:40 GMT-05:00" name="user_clicks_on_graph_practice_test_link" finished-at="2024-12-16T14:26:42 GMT-05:00" duration-ms="1774" status="PASS">
          <reporter-output>
          </reporter-output>
        </test-method> <!-- user_clicks_on_graph_practice_test_link -->
        <test-method is-config="true" signature="user_clicks_on_logout_link()[pri:0, instance:tests.GraphTestCases@1817f1eb]" started-at="2024-12-16T14:26:42 GMT-05:00" name="user_clicks_on_logout_link" finished-at="2024-12-16T14:26:43 GMT-05:00" duration-ms="1211" status="PASS">
          <reporter-output>
          </reporter-output>
        </test-method> <!-- user_clicks_on_logout_link -->
        <test-method is-config="true" signature="tearDown()[pri:0, instance:tests.GraphTestCases@1817f1eb]" started-at="2024-12-16T14:26:43 GMT-05:00" name="tearDown" finished-at="2024-12-16T14:26:43 GMT-05:00" duration-ms="0" status="PASS">
          <reporter-output>
          </reporter-output>
        </test-method> <!-- tearDown -->
      </class> <!-- tests.GraphTestCases -->
      <class name="tests.TreeTestCases">
        <test-method is-config="true" signature="treeSetup()[pri:0, instance:tests.TreeTestCases@54dcfa5a]" started-at="2024-12-16T14:26:28 GMT-05:00" name="treeSetup" finished-at="2024-12-16T14:26:34 GMT-05:00" duration-ms="6124" status="PASS">
          <reporter-output>
          </reporter-output>
        </test-method> <!-- treeSetup -->
        <test-method signature="user_clicks_on_tree_overview_link()[pri:1, instance:tests.TreeTestCases@54dcfa5a]" started-at="2024-12-16T14:26:34 GMT-05:00" name="user_clicks_on_tree_overview_link" finished-at="2024-12-16T14:26:35 GMT-05:00" duration-ms="1487" status="PASS">
          <reporter-output>
          </reporter-output>
        </test-method> <!-- user_clicks_on_tree_overview_link -->
        <test-method signature="user_clicks_sub_tree_overview_link()[pri:2, instance:tests.TreeTestCases@54dcfa5a]" started-at="2024-12-16T14:26:35 GMT-05:00" name="user_clicks_sub_tree_overview_link" finished-at="2024-12-16T14:26:36 GMT-05:00" duration-ms="516" status="PASS">
          <reporter-output>
          </reporter-output>
        </test-method> <!-- user_clicks_sub_tree_overview_link -->
        <test-method signature="clicksTreeOverviewLinkTryHere()[pri:3, instance:tests.TreeTestCases@54dcfa5a]" started-at="2024-12-16T14:26:36 GMT-05:00" name="clicksTreeOverviewLinkTryHere" finished-at="2024-12-16T14:26:37 GMT-05:00" duration-ms="993" status="PASS">
          <reporter-output>
          </reporter-output>
        </test-method> <!-- clicksTreeOverviewLinkTryHere -->
        <test-method signature="executeTreeOverviewLinkTryHere()[pri:4, instance:tests.TreeTestCases@54dcfa5a]" started-at="2024-12-16T14:26:37 GMT-05:00" name="executeTreeOverviewLinkTryHere" finished-at="2024-12-16T14:26:37 GMT-05:00" duration-ms="656" status="PASS">
          <reporter-output>
          </reporter-output>
        </test-method> <!-- executeTreeOverviewLinkTryHere -->
        <test-method signature="user_clicks_on_terminologies_link()[pri:5, instance:tests.TreeTestCases@54dcfa5a]" started-at="2024-12-16T14:26:37 GMT-05:00" name="user_clicks_on_terminologies_link" finished-at="2024-12-16T14:26:39 GMT-05:00" duration-ms="1206" status="PASS">
          <reporter-output>
          </reporter-output>
        </test-method> <!-- user_clicks_on_terminologies_link -->
        <test-method signature="user_clicks_sub_terminologies_link()[pri:6, instance:tests.TreeTestCases@54dcfa5a]" started-at="2024-12-16T14:26:39 GMT-05:00" name="user_clicks_sub_terminologies_link" finished-at="2024-12-16T14:26:39 GMT-05:00" duration-ms="439" status="PASS">
          <reporter-output>
          </reporter-output>
        </test-method> <!-- user_clicks_sub_terminologies_link -->
        <test-method signature="clicksTreeTerminologyLinkTryHere()[pri:7, instance:tests.TreeTestCases@54dcfa5a]" started-at="2024-12-16T14:26:39 GMT-05:00" name="clicksTreeTerminologyLinkTryHere" finished-at="2024-12-16T14:26:40 GMT-05:00" duration-ms="483" status="PASS">
          <reporter-output>
          </reporter-output>
        </test-method> <!-- clicksTreeTerminologyLinkTryHere -->
        <test-method signature="executeTreeTerminologyLinkTryHere()[pri:8, instance:tests.TreeTestCases@54dcfa5a]" started-at="2024-12-16T14:26:40 GMT-05:00" name="executeTreeTerminologyLinkTryHere" finished-at="2024-12-16T14:26:40 GMT-05:00" duration-ms="641" status="PASS">
          <reporter-output>
          </reporter-output>
        </test-method> <!-- executeTreeTerminologyLinkTryHere -->
        <test-method signature="user_clicks_on_types_trees_link()[pri:9, instance:tests.TreeTestCases@54dcfa5a]" started-at="2024-12-16T14:26:40 GMT-05:00" name="user_clicks_on_types_trees_link" finished-at="2024-12-16T14:26:42 GMT-05:00" duration-ms="1325" status="PASS">
          <reporter-output>
          </reporter-output>
        </test-method> <!-- user_clicks_on_types_trees_link -->
        <test-method signature="user_clicks_sub_types_trees_link()[pri:10, instance:tests.TreeTestCases@54dcfa5a]" started-at="2024-12-16T14:26:42 GMT-05:00" name="user_clicks_sub_types_trees_link" finished-at="2024-12-16T14:26:42 GMT-05:00" duration-ms="471" status="PASS">
          <reporter-output>
          </reporter-output>
        </test-method> <!-- user_clicks_sub_types_trees_link -->
        <test-method signature="clicksTreeTypesOfLinkTryHere()[pri:11, instance:tests.TreeTestCases@54dcfa5a]" started-at="2024-12-16T14:26:42 GMT-05:00" name="clicksTreeTypesOfLinkTryHere" finished-at="2024-12-16T14:26:42 GMT-05:00" duration-ms="413" status="PASS">
          <reporter-output>
          </reporter-output>
        </test-method> <!-- clicksTreeTypesOfLinkTryHere -->
        <test-method signature="executeTreeTypesOfLinkTryHere()[pri:12, instance:tests.TreeTestCases@54dcfa5a]" started-at="2024-12-16T14:26:42 GMT-05:00" name="executeTreeTypesOfLinkTryHere" finished-at="2024-12-16T14:26:43 GMT-05:00" duration-ms="871" status="PASS">
          <reporter-output>
          </reporter-output>
        </test-method> <!-- executeTreeTypesOfLinkTryHere -->
        <test-method signature="user_clicks_on_traversals_link()[pri:13, instance:tests.TreeTestCases@54dcfa5a]" started-at="2024-12-16T14:26:43 GMT-05:00" name="user_clicks_on_traversals_link" finished-at="2024-12-16T14:26:45 GMT-05:00" duration-ms="1353" status="PASS">
          <reporter-output>
          </reporter-output>
        </test-method> <!-- user_clicks_on_traversals_link -->
        <test-method signature="user_clicks_sub_traversals_link()[pri:14, instance:tests.TreeTestCases@54dcfa5a]" started-at="2024-12-16T14:26:45 GMT-05:00" name="user_clicks_sub_traversals_link" finished-at="2024-12-16T14:26:45 GMT-05:00" duration-ms="343" status="PASS">
          <reporter-output>
          </reporter-output>
        </test-method> <!-- user_clicks_sub_traversals_link -->
        <test-method signature="clicksTreeTraversalLinkTryHere()[pri:15, instance:tests.TreeTestCases@54dcfa5a]" started-at="2024-12-16T14:26:45 GMT-05:00" name="clicksTreeTraversalLinkTryHere" finished-at="2024-12-16T14:26:45 GMT-05:00" duration-ms="351" status="PASS">
          <reporter-output>
          </reporter-output>
        </test-method> <!-- clicksTreeTraversalLinkTryHere -->
        <test-method signature="executeTreeTraversalLinkTryHere()[pri:16, instance:tests.TreeTestCases@54dcfa5a]" started-at="2024-12-16T14:26:45 GMT-05:00" name="executeTreeTraversalLinkTryHere" finished-at="2024-12-16T14:26:46 GMT-05:00" duration-ms="549" status="PASS">
          <reporter-output>
          </reporter-output>
        </test-method> <!-- executeTreeTraversalLinkTryHere -->
        <test-method signature="user_clicks_on_illustration_link()[pri:17, instance:tests.TreeTestCases@54dcfa5a]" started-at="2024-12-16T14:26:46 GMT-05:00" name="user_clicks_on_illustration_link" finished-at="2024-12-16T14:26:47 GMT-05:00" duration-ms="1054" status="PASS">
          <reporter-output>
          </reporter-output>
        </test-method> <!-- user_clicks_on_illustration_link -->
        <test-method signature="user_clicks_sub_illustration_link()[pri:18, instance:tests.TreeTestCases@54dcfa5a]" started-at="2024-12-16T14:26:47 GMT-05:00" name="user_clicks_sub_illustration_link" finished-at="2024-12-16T14:26:47 GMT-05:00" duration-ms="278" status="PASS">
          <reporter-output>
          </reporter-output>
        </test-method> <!-- user_clicks_sub_illustration_link -->
        <test-method signature="clicksTreeIllustrationLinkTryHere()[pri:19, instance:tests.TreeTestCases@54dcfa5a]" started-at="2024-12-16T14:26:47 GMT-05:00" name="clicksTreeIllustrationLinkTryHere" finished-at="2024-12-16T14:26:48 GMT-05:00" duration-ms="311" status="PASS">
          <reporter-output>
          </reporter-output>
        </test-method> <!-- clicksTreeIllustrationLinkTryHere -->
        <test-method signature="executeTreeIllustrationLinkTryHere()[pri:20, instance:tests.TreeTestCases@54dcfa5a]" started-at="2024-12-16T14:26:48 GMT-05:00" name="executeTreeIllustrationLinkTryHere" finished-at="2024-12-16T14:26:48 GMT-05:00" duration-ms="506" status="PASS">
          <reporter-output>
          </reporter-output>
        </test-method> <!-- executeTreeIllustrationLinkTryHere -->
        <test-method signature="user_clicks_on_binary_tree_link()[pri:21, instance:tests.TreeTestCases@54dcfa5a]" started-at="2024-12-16T14:26:48 GMT-05:00" name="user_clicks_on_binary_tree_link" finished-at="2024-12-16T14:26:49 GMT-05:00" duration-ms="927" status="PASS">
          <reporter-output>
          </reporter-output>
        </test-method> <!-- user_clicks_on_binary_tree_link -->
        <test-method signature="user_clicks_sub_binary_tree_link()[pri:22, instance:tests.TreeTestCases@54dcfa5a]" started-at="2024-12-16T14:26:49 GMT-05:00" name="user_clicks_sub_binary_tree_link" finished-at="2024-12-16T14:26:49 GMT-05:00" duration-ms="293" status="PASS">
          <reporter-output>
          </reporter-output>
        </test-method> <!-- user_clicks_sub_binary_tree_link -->
        <test-method signature="clicksTreeBinaryTreeLinkTryHere()[pri:23, instance:tests.TreeTestCases@54dcfa5a]" started-at="2024-12-16T14:26:49 GMT-05:00" name="clicksTreeBinaryTreeLinkTryHere" finished-at="2024-12-16T14:26:50 GMT-05:00" duration-ms="326" status="PASS">
          <reporter-output>
          </reporter-output>
        </test-method> <!-- clicksTreeBinaryTreeLinkTryHere -->
        <test-method signature="executeTreeBinaryTreeLinkTryHere()[pri:24, instance:tests.TreeTestCases@54dcfa5a]" started-at="2024-12-16T14:26:50 GMT-05:00" name="executeTreeBinaryTreeLinkTryHere" finished-at="2024-12-16T14:26:50 GMT-05:00" duration-ms="519" status="PASS">
          <reporter-output>
          </reporter-output>
        </test-method> <!-- executeTreeBinaryTreeLinkTryHere -->
        <test-method signature="user_clicks_on_types_binary_link()[pri:25, instance:tests.TreeTestCases@54dcfa5a]" started-at="2024-12-16T14:26:50 GMT-05:00" name="user_clicks_on_types_binary_link" finished-at="2024-12-16T14:26:51 GMT-05:00" duration-ms="1006" status="PASS">
          <reporter-output>
          </reporter-output>
        </test-method> <!-- user_clicks_on_types_binary_link -->
        <test-method signature="user_clicks_sub_types_binary_link()[pri:26, instance:tests.TreeTestCases@54dcfa5a]" started-at="2024-12-16T14:26:51 GMT-05:00" name="user_clicks_sub_types_binary_link" finished-at="2024-12-16T14:26:52 GMT-05:00" duration-ms="334" status="PASS">
          <reporter-output>
          </reporter-output>
        </test-method> <!-- user_clicks_sub_types_binary_link -->
        <test-method signature="clicksTreeTypesBinaryLinkTryHere()[pri:27, instance:tests.TreeTestCases@54dcfa5a]" started-at="2024-12-16T14:26:52 GMT-05:00" name="clicksTreeTypesBinaryLinkTryHere" finished-at="2024-12-16T14:26:52 GMT-05:00" duration-ms="360" status="PASS">
          <reporter-output>
          </reporter-output>
        </test-method> <!-- clicksTreeTypesBinaryLinkTryHere -->
        <test-method signature="executeTreeTypesBinaryLinkTryHere()[pri:28, instance:tests.TreeTestCases@54dcfa5a]" started-at="2024-12-16T14:26:52 GMT-05:00" name="executeTreeTypesBinaryLinkTryHere" finished-at="2024-12-16T14:26:52 GMT-05:00" duration-ms="554" status="PASS">
          <reporter-output>
          </reporter-output>
        </test-method> <!-- executeTreeTypesBinaryLinkTryHere -->
        <test-method signature="user_clicks_on_impl_python_link()[pri:29, instance:tests.TreeTestCases@54dcfa5a]" started-at="2024-12-16T14:26:52 GMT-05:00" name="user_clicks_on_impl_python_link" finished-at="2024-12-16T14:26:53 GMT-05:00" duration-ms="947" status="PASS">
          <reporter-output>
          </reporter-output>
        </test-method> <!-- user_clicks_on_impl_python_link -->
        <test-method signature="user_clicks_sub_impl_python_link()[pri:30, instance:tests.TreeTestCases@54dcfa5a]" started-at="2024-12-16T14:26:53 GMT-05:00" name="user_clicks_sub_impl_python_link" finished-at="2024-12-16T14:26:54 GMT-05:00" duration-ms="349" status="PASS">
          <reporter-output>
          </reporter-output>
        </test-method> <!-- user_clicks_sub_impl_python_link -->
        <test-method signature="clicksTreeImplPythonLinkTryHere()[pri:31, instance:tests.TreeTestCases@54dcfa5a]" started-at="2024-12-16T14:26:54 GMT-05:00" name="clicksTreeImplPythonLinkTryHere" finished-at="2024-12-16T14:26:54 GMT-05:00" duration-ms="417" status="PASS">
          <reporter-output>
          </reporter-output>
        </test-method> <!-- clicksTreeImplPythonLinkTryHere -->
        <test-method signature="executeTreeImplPythonLinkTryHere()[pri:32, instance:tests.TreeTestCases@54dcfa5a]" started-at="2024-12-16T14:26:54 GMT-05:00" name="executeTreeImplPythonLinkTryHere" finished-at="2024-12-16T14:26:55 GMT-05:00" duration-ms="557" status="PASS">
          <reporter-output>
          </reporter-output>
        </test-method> <!-- executeTreeImplPythonLinkTryHere -->
        <test-method signature="user_clicks_on_binary_traversals_link()[pri:33, instance:tests.TreeTestCases@54dcfa5a]" started-at="2024-12-16T14:26:55 GMT-05:00" name="user_clicks_on_binary_traversals_link" finished-at="2024-12-16T14:26:56 GMT-05:00" duration-ms="933" status="PASS">
          <reporter-output>
          </reporter-output>
        </test-method> <!-- user_clicks_on_binary_traversals_link -->
        <test-method signature="user_clicks_sub_binary_traversals_link()[pri:34, instance:tests.TreeTestCases@54dcfa5a]" started-at="2024-12-16T14:26:56 GMT-05:00" name="user_clicks_sub_binary_traversals_link" finished-at="2024-12-16T14:26:56 GMT-05:00" duration-ms="330" status="PASS">
          <reporter-output>
          </reporter-output>
        </test-method> <!-- user_clicks_sub_binary_traversals_link -->
        <test-method signature="clicksTreeBinaryTraversalLinkTryHere()[pri:35, instance:tests.TreeTestCases@54dcfa5a]" started-at="2024-12-16T14:26:56 GMT-05:00" name="clicksTreeBinaryTraversalLinkTryHere" finished-at="2024-12-16T14:26:56 GMT-05:00" duration-ms="380" status="PASS">
          <reporter-output>
          </reporter-output>
        </test-method> <!-- clicksTreeBinaryTraversalLinkTryHere -->
        <test-method signature="executeTreeBinaryTraversalLinkTryHere()[pri:36, instance:tests.TreeTestCases@54dcfa5a]" started-at="2024-12-16T14:26:56 GMT-05:00" name="executeTreeBinaryTraversalLinkTryHere" finished-at="2024-12-16T14:26:57 GMT-05:00" duration-ms="584" status="PASS">
          <reporter-output>
          </reporter-output>
        </test-method> <!-- executeTreeBinaryTraversalLinkTryHere -->
        <test-method signature="user_clicks_on_impl_binary_trees_link()[pri:37, instance:tests.TreeTestCases@54dcfa5a]" started-at="2024-12-16T14:26:57 GMT-05:00" name="user_clicks_on_impl_binary_trees_link" finished-at="2024-12-16T14:26:58 GMT-05:00" duration-ms="1039" status="PASS">
          <reporter-output>
          </reporter-output>
        </test-method> <!-- user_clicks_on_impl_binary_trees_link -->
        <test-method signature="user_clicks_sub_impl_binary_trees_link()[pri:38, instance:tests.TreeTestCases@54dcfa5a]" started-at="2024-12-16T14:26:58 GMT-05:00" name="user_clicks_sub_impl_binary_trees_link" finished-at="2024-12-16T14:26:58 GMT-05:00" duration-ms="358" status="PASS">
          <reporter-output>
          </reporter-output>
        </test-method> <!-- user_clicks_sub_impl_binary_trees_link -->
        <test-method signature="clicksTreeImplBinaryLinkTryHere()[pri:39, instance:tests.TreeTestCases@54dcfa5a]" started-at="2024-12-16T14:26:58 GMT-05:00" name="clicksTreeImplBinaryLinkTryHere" finished-at="2024-12-16T14:26:59 GMT-05:00" duration-ms="361" status="PASS">
          <reporter-output>
          </reporter-output>
        </test-method> <!-- clicksTreeImplBinaryLinkTryHere -->
        <test-method signature="executeTreeImplBinaryLinkTryHere()[pri:40, instance:tests.TreeTestCases@54dcfa5a]" started-at="2024-12-16T14:26:59 GMT-05:00" name="executeTreeImplBinaryLinkTryHere" finished-at="2024-12-16T14:26:59 GMT-05:00" duration-ms="621" status="PASS">
          <reporter-output>
          </reporter-output>
        </test-method> <!-- executeTreeImplBinaryLinkTryHere -->
        <test-method signature="user_clicks_on_appl_binary_tree_link()[pri:41, instance:tests.TreeTestCases@54dcfa5a]" started-at="2024-12-16T14:26:59 GMT-05:00" name="user_clicks_on_appl_binary_tree_link" finished-at="2024-12-16T14:27:00 GMT-05:00" duration-ms="1010" status="PASS">
          <reporter-output>
          </reporter-output>
        </test-method> <!-- user_clicks_on_appl_binary_tree_link -->
        <test-method signature="user_clicks_sub_appl_binary_tree_link()[pri:42, instance:tests.TreeTestCases@54dcfa5a]" started-at="2024-12-16T14:27:00 GMT-05:00" name="user_clicks_sub_appl_binary_tree_link" finished-at="2024-12-16T14:27:01 GMT-05:00" duration-ms="374" status="PASS">
          <reporter-output>
          </reporter-output>
        </test-method> <!-- user_clicks_sub_appl_binary_tree_link -->
        <test-method signature="clicksTreeApplBinaryLinkTryHere()[pri:43, instance:tests.TreeTestCases@54dcfa5a]" started-at="2024-12-16T14:27:01 GMT-05:00" name="clicksTreeApplBinaryLinkTryHere" finished-at="2024-12-16T14:27:01 GMT-05:00" duration-ms="357" status="PASS">
          <reporter-output>
          </reporter-output>
        </test-method> <!-- clicksTreeApplBinaryLinkTryHere -->
        <test-method signature="executeTreeTreeApplBinaryLinkTryHere()[pri:44, instance:tests.TreeTestCases@54dcfa5a]" started-at="2024-12-16T14:27:01 GMT-05:00" name="executeTreeTreeApplBinaryLinkTryHere" finished-at="2024-12-16T14:27:02 GMT-05:00" duration-ms="594" status="PASS">
          <reporter-output>
          </reporter-output>
        </test-method> <!-- executeTreeTreeApplBinaryLinkTryHere -->
        <test-method signature="user_clicks_on_binary_search_link()[pri:45, instance:tests.TreeTestCases@54dcfa5a]" started-at="2024-12-16T14:27:02 GMT-05:00" name="user_clicks_on_binary_search_link" finished-at="2024-12-16T14:27:03 GMT-05:00" duration-ms="1245" status="PASS">
          <reporter-output>
          </reporter-output>
        </test-method> <!-- user_clicks_on_binary_search_link -->
        <test-method signature="user_clicks_sub_binary_search_link()[pri:46, instance:tests.TreeTestCases@54dcfa5a]" started-at="2024-12-16T14:27:03 GMT-05:00" name="user_clicks_sub_binary_search_link" finished-at="2024-12-16T14:27:03 GMT-05:00" duration-ms="452" status="PASS">
          <reporter-output>
          </reporter-output>
        </test-method> <!-- user_clicks_sub_binary_search_link -->
        <test-method signature="clicksTreeBinarySearchLinkTryHere()[pri:47, instance:tests.TreeTestCases@54dcfa5a]" started-at="2024-12-16T14:27:03 GMT-05:00" name="clicksTreeBinarySearchLinkTryHere" finished-at="2024-12-16T14:27:04 GMT-05:00" duration-ms="374" status="PASS">
          <reporter-output>
          </reporter-output>
        </test-method> <!-- clicksTreeBinarySearchLinkTryHere -->
        <test-method signature="executeTreeBinarySearchLinkTryHere()[pri:48, instance:tests.TreeTestCases@54dcfa5a]" started-at="2024-12-16T14:27:04 GMT-05:00" name="executeTreeBinarySearchLinkTryHere" finished-at="2024-12-16T14:27:04 GMT-05:00" duration-ms="605" status="PASS">
          <reporter-output>
          </reporter-output>
        </test-method> <!-- executeTreeBinarySearchLinkTryHere -->
        <test-method signature="user_clicks_on_impl_binary_search_link()[pri:49, instance:tests.TreeTestCases@54dcfa5a]" started-at="2024-12-16T14:27:04 GMT-05:00" name="user_clicks_on_impl_binary_search_link" finished-at="2024-12-16T14:27:05 GMT-05:00" duration-ms="972" status="PASS">
          <reporter-output>
          </reporter-output>
        </test-method> <!-- user_clicks_on_impl_binary_search_link -->
        <test-method signature="user_clicks_sub_impl_binary_search_link()[pri:50, instance:tests.TreeTestCases@54dcfa5a]" started-at="2024-12-16T14:27:05 GMT-05:00" name="user_clicks_sub_impl_binary_search_link" finished-at="2024-12-16T14:27:06 GMT-05:00" duration-ms="331" status="PASS">
          <reporter-output>
          </reporter-output>
        </test-method> <!-- user_clicks_sub_impl_binary_search_link -->
        <test-method signature="clicksTreeimplBinSearchLinkTryHere()[pri:51, instance:tests.TreeTestCases@54dcfa5a]" started-at="2024-12-16T14:27:06 GMT-05:00" name="clicksTreeimplBinSearchLinkTryHere" finished-at="2024-12-16T14:27:06 GMT-05:00" duration-ms="459" status="PASS">
          <reporter-output>
          </reporter-output>
        </test-method> <!-- clicksTreeimplBinSearchLinkTryHere -->
        <test-method signature="executeTreeimplBinSearchLinkTryHere()[pri:52, instance:tests.TreeTestCases@54dcfa5a]" started-at="2024-12-16T14:27:06 GMT-05:00" name="executeTreeimplBinSearchLinkTryHere" finished-at="2024-12-16T14:27:07 GMT-05:00" duration-ms="613" status="PASS">
          <reporter-output>
          </reporter-output>
        </test-method> <!-- executeTreeimplBinSearchLinkTryHere -->
        <test-method signature="user_clicks_on_tree_practice_questions_link()[pri:53, instance:tests.TreeTestCases@54dcfa5a]" started-at="2024-12-16T14:27:07 GMT-05:00" name="user_clicks_on_tree_practice_questions_link" finished-at="2024-12-16T14:27:08 GMT-05:00" duration-ms="1358" status="PASS">
          <reporter-output>
          </reporter-output>
        </test-method> <!-- user_clicks_on_tree_practice_questions_link -->
        <test-method is-config="true" signature="user_clicks_on_logout_link()[pri:0, instance:tests.TreeTestCases@54dcfa5a]" started-at="2024-12-16T14:27:08 GMT-05:00" name="user_clicks_on_logout_link" finished-at="2024-12-16T14:27:09 GMT-05:00" duration-ms="908" status="PASS">
          <reporter-output>
          </reporter-output>
        </test-method> <!-- user_clicks_on_logout_link -->
        <test-method is-config="true" signature="tearDown()[pri:0, instance:tests.TreeTestCases@54dcfa5a]" started-at="2024-12-16T14:27:09 GMT-05:00" name="tearDown" finished-at="2024-12-16T14:27:09 GMT-05:00" duration-ms="1" status="PASS">
          <reporter-output>
          </reporter-output>
        </test-method> <!-- tearDown -->
      </class> <!-- tests.TreeTestCases -->
      <class name="tests.QueueTestcases">
        <test-method is-config="true" signature="setUp()[pri:0, instance:tests.QueueTestcases@6d23017e]" started-at="2024-12-16T14:25:55 GMT-05:00" name="setUp" finished-at="2024-12-16T14:25:58 GMT-05:00" duration-ms="2186" status="PASS">
          <reporter-output>
          </reporter-output>
        </test-method> <!-- setUp -->
        <test-method is-config="true" signature="queueSetup()[pri:0, instance:tests.QueueTestcases@6d23017e]" started-at="2024-12-16T14:26:28 GMT-05:00" name="queueSetup" finished-at="2024-12-16T14:26:34 GMT-05:00" duration-ms="5921" status="PASS">
          <reporter-output>
          </reporter-output>
        </test-method> <!-- queueSetup -->
        <test-method signature="user_clicks_on_implement_queue_link()[pri:1, instance:tests.QueueTestcases@6d23017e]" started-at="2024-12-16T14:26:34 GMT-05:00" name="user_clicks_on_implement_queue_link" finished-at="2024-12-16T14:26:35 GMT-05:00" duration-ms="1334" status="PASS">
          <reporter-output>
          </reporter-output>
        </test-method> <!-- user_clicks_on_implement_queue_link -->
        <test-method signature="user_clicks_sub_implement_queue_link()[pri:2, instance:tests.QueueTestcases@6d23017e]" started-at="2024-12-16T14:26:35 GMT-05:00" name="user_clicks_sub_implement_queue_link" finished-at="2024-12-16T14:26:35 GMT-05:00" duration-ms="587" status="PASS">
          <reporter-output>
          </reporter-output>
        </test-method> <!-- user_clicks_sub_implement_queue_link -->
        <test-method signature="clicksubImplementQueueTryHere()[pri:3, instance:tests.QueueTestcases@6d23017e]" started-at="2024-12-16T14:26:35 GMT-05:00" name="clicksubImplementQueueTryHere" finished-at="2024-12-16T14:26:36 GMT-05:00" duration-ms="796" status="PASS">
          <reporter-output>
          </reporter-output>
        </test-method> <!-- clicksubImplementQueueTryHere -->
        <test-method signature="executeImpleQueueTryHere()[pri:4, instance:tests.QueueTestcases@6d23017e]" started-at="2024-12-16T14:26:36 GMT-05:00" name="executeImpleQueueTryHere" finished-at="2024-12-16T14:26:37 GMT-05:00" duration-ms="918" status="PASS">
          <reporter-output>
          </reporter-output>
        </test-method> <!-- executeImpleQueueTryHere -->
        <test-method signature="user_clicks_on_implement_de_que_link()[pri:5, instance:tests.QueueTestcases@6d23017e]" started-at="2024-12-16T14:26:37 GMT-05:00" name="user_clicks_on_implement_de_que_link" finished-at="2024-12-16T14:26:38 GMT-05:00" duration-ms="1011" status="PASS">
          <reporter-output>
          </reporter-output>
        </test-method> <!-- user_clicks_on_implement_de_que_link -->
        <test-method signature="user_clicks_sub_implement_de_que_link()[pri:6, instance:tests.QueueTestcases@6d23017e]" started-at="2024-12-16T14:26:38 GMT-05:00" name="user_clicks_sub_implement_de_que_link" finished-at="2024-12-16T14:26:39 GMT-05:00" duration-ms="367" status="PASS">
          <reporter-output>
          </reporter-output>
        </test-method> <!-- user_clicks_sub_implement_de_que_link -->
        <test-method signature="clicksubImplementDeQueueTryHere()[pri:7, instance:tests.QueueTestcases@6d23017e]" started-at="2024-12-16T14:26:39 GMT-05:00" name="clicksubImplementDeQueueTryHere" finished-at="2024-12-16T14:26:39 GMT-05:00" duration-ms="489" status="PASS">
          <reporter-output>
          </reporter-output>
        </test-method> <!-- clicksubImplementDeQueueTryHere -->
        <test-method signature="executeImpleDeQueueTryHere()[pri:8, instance:tests.QueueTestcases@6d23017e]" started-at="2024-12-16T14:26:39 GMT-05:00" name="executeImpleDeQueueTryHere" finished-at="2024-12-16T14:26:40 GMT-05:00" duration-ms="777" status="PASS">
          <reporter-output>
          </reporter-output>
        </test-method> <!-- executeImpleDeQueueTryHere -->
        <test-method signature="user_clicks_on_implement_array_link()[pri:9, instance:tests.QueueTestcases@6d23017e]" started-at="2024-12-16T14:26:40 GMT-05:00" name="user_clicks_on_implement_array_link" finished-at="2024-12-16T14:26:41 GMT-05:00" duration-ms="1042" status="PASS">
          <reporter-output>
          </reporter-output>
        </test-method> <!-- user_clicks_on_implement_array_link -->
        <test-method signature="user_clicks_Sub_implement_array_link()[pri:10, instance:tests.QueueTestcases@6d23017e]" started-at="2024-12-16T14:26:41 GMT-05:00" name="user_clicks_Sub_implement_array_link" finished-at="2024-12-16T14:26:41 GMT-05:00" duration-ms="387" status="PASS">
          <reporter-output>
          </reporter-output>
        </test-method> <!-- user_clicks_Sub_implement_array_link -->
        <test-method signature="clicksubImplementArrayTryHere()[pri:11, instance:tests.QueueTestcases@6d23017e]" started-at="2024-12-16T14:26:41 GMT-05:00" name="clicksubImplementArrayTryHere" finished-at="2024-12-16T14:26:42 GMT-05:00" duration-ms="391" status="PASS">
          <reporter-output>
          </reporter-output>
        </test-method> <!-- clicksubImplementArrayTryHere -->
        <test-method signature="executeImpleArrayTryHere()[pri:12, instance:tests.QueueTestcases@6d23017e]" started-at="2024-12-16T14:26:42 GMT-05:00" name="executeImpleArrayTryHere" finished-at="2024-12-16T14:26:42 GMT-05:00" duration-ms="520" status="PASS">
          <reporter-output>
          </reporter-output>
        </test-method> <!-- executeImpleArrayTryHere -->
        <test-method signature="user_clicks_on_queue_operation_link()[pri:13, instance:tests.QueueTestcases@6d23017e]" started-at="2024-12-16T14:26:42 GMT-05:00" name="user_clicks_on_queue_operation_link" finished-at="2024-12-16T14:26:43 GMT-05:00" duration-ms="1284" status="PASS">
          <reporter-output>
          </reporter-output>
        </test-method> <!-- user_clicks_on_queue_operation_link -->
        <test-method signature="user_clicks_sub_queue_operation_link()[pri:14, instance:tests.QueueTestcases@6d23017e]" started-at="2024-12-16T14:26:43 GMT-05:00" name="user_clicks_sub_queue_operation_link" finished-at="2024-12-16T14:26:44 GMT-05:00" duration-ms="458" status="PASS">
          <reporter-output>
          </reporter-output>
        </test-method> <!-- user_clicks_sub_queue_operation_link -->
        <test-method signature="clicksubQueueOperationsTryHere()[pri:15, instance:tests.QueueTestcases@6d23017e]" started-at="2024-12-16T14:26:44 GMT-05:00" name="clicksubQueueOperationsTryHere" finished-at="2024-12-16T14:26:44 GMT-05:00" duration-ms="326" status="PASS">
          <reporter-output>
          </reporter-output>
        </test-method> <!-- clicksubQueueOperationsTryHere -->
        <test-method signature="executeQueueOperationsTryHere()[pri:16, instance:tests.QueueTestcases@6d23017e]" started-at="2024-12-16T14:26:44 GMT-05:00" name="executeQueueOperationsTryHere" finished-at="2024-12-16T14:26:45 GMT-05:00" duration-ms="476" status="PASS">
          <reporter-output>
          </reporter-output>
        </test-method> <!-- executeQueueOperationsTryHere -->
        <test-method signature="user_clicks_on_queue_practise_test_link()[pri:17, instance:tests.QueueTestcases@6d23017e]" started-at="2024-12-16T14:26:45 GMT-05:00" name="user_clicks_on_queue_practise_test_link" finished-at="2024-12-16T14:26:46 GMT-05:00" duration-ms="1103" status="PASS">
          <reporter-output>
          </reporter-output>
        </test-method> <!-- user_clicks_on_queue_practise_test_link -->
        <test-method is-config="true" signature="user_clicks_on_logout_link()[pri:0, instance:tests.QueueTestcases@6d23017e]" started-at="2024-12-16T14:26:46 GMT-05:00" name="user_clicks_on_logout_link" finished-at="2024-12-16T14:26:47 GMT-05:00" duration-ms="942" status="PASS">
          <reporter-output>
          </reporter-output>
        </test-method> <!-- user_clicks_on_logout_link -->
        <test-method is-config="true" signature="tearDown()[pri:0, instance:tests.QueueTestcases@6d23017e]" started-at="2024-12-16T14:26:47 GMT-05:00" name="tearDown" finished-at="2024-12-16T14:26:47 GMT-05:00" duration-ms="1" status="PASS">
          <reporter-output>
          </reporter-output>
        </test-method> <!-- tearDown -->
      </class> <!-- tests.QueueTestcases -->
    </test> <!-- TestChrome1 -->
  </suite> <!-- Suite1 -->
</testng-results>
