<?xml version="1.0" encoding="UTF-8"?>
<!-- Generated by org.testng.reporters.JUnitReportReporter -->
<testsuite hostname="Joanna" failures="0" tests="11" name="tests.StackTestcases" time="0.006" errors="1" timestamp="2024-12-16T14:57:16 GMT-05:00" skipped="10">
  <testcase classname="tests.StackTestcases" name="setUp" time="0.005">
    <error message="Cannot invoke &quot;org.openqa.selenium.WebDriver.get(String)&quot; because &quot;driver&quot; is null" type="java.lang.NullPointerException">
      <![CDATA[java.lang.NullPointerException: Cannot invoke "org.openqa.selenium.WebDriver.get(String)" because "driver" is null
at tests.BaseCases.login(BaseCases.java:68)
at tests.StackTestcases.setUp(StackTestcases.java:30)
at java.base/jdk.internal.reflect.DirectMethodHandleAccessor.invoke(DirectMethodHandleAccessor.java:103)
at java.base/java.lang.reflect.Method.invoke(Method.java:580)
at org.testng.internal.invokers.MethodInvocationHelper.invokeMethod(MethodInvocationHelper.java:141)
at org.testng.internal.invokers.MethodInvocationHelper.invokeMethodConsideringTimeout(MethodInvocationHelper.java:71)
at org.testng.internal.invokers.ConfigInvoker.invokeConfigurationMethod(ConfigInvoker.java:400)
at org.testng.internal.invokers.ConfigInvoker.invokeConfigurations(ConfigInvoker.java:333)
at org.testng.internal.invokers.TestMethodWorker.invokeBeforeClassMethods(TestMethodWorker.java:188)
at org.testng.internal.invokers.TestMethodWorker.run(TestMethodWorker.java:128)
at java.base/java.util.concurrent.Executors$RunnableAdapter.call(Executors.java:572)
at java.base/java.util.concurrent.FutureTask.run(FutureTask.java:317)
at org.testng.internal.thread.graph.TestNGFutureTask.run(TestNGFutureTask.java:22)
at java.base/java.util.concurrent.ThreadPoolExecutor.runWorker(ThreadPoolExecutor.java:1144)
at java.base/java.util.concurrent.ThreadPoolExecutor$Worker.run(ThreadPoolExecutor.java:642)
at java.base/java.lang.Thread.run(Thread.java:1570)
]]>
    </error>
  </testcase> <!-- setUp -->
  <testcase classname="tests.StackTestcases" name="OperationsinStackLink" time="0.000">
    <skipped/>
  </testcase> <!-- OperationsinStackLink -->
  <testcase classname="tests.StackTestcases" name="operationtryhere" time="0.000">
    <skipped/>
  </testcase> <!-- operationtryhere -->
  <testcase classname="tests.StackTestcases" name="executeoperationsTryHere" time="0.000">
    <skipped/>
  </testcase> <!-- executeoperationsTryHere -->
  <testcase classname="tests.StackTestcases" name="Implementation" time="0.000">
    <skipped/>
  </testcase> <!-- Implementation -->
  <testcase classname="tests.StackTestcases" name="Implementationtryhere" time="0.000">
    <skipped/>
  </testcase> <!-- Implementationtryhere -->
  <testcase classname="tests.StackTestcases" name="executeImplementationTryHere" time="0.000">
    <skipped/>
  </testcase> <!-- executeImplementationTryHere -->
  <testcase classname="tests.StackTestcases" name="Applications" time="0.000">
    <skipped/>
  </testcase> <!-- Applications -->
  <testcase classname="tests.StackTestcases" name="ApplicationsTryHere" time="0.000">
    <skipped/>
  </testcase> <!-- ApplicationsTryHere -->
  <testcase classname="tests.StackTestcases" name="executeApplicationsTryHere" time="0.001">
    <skipped/>
  </testcase> <!-- executeApplicationsTryHere -->
  <testcase classname="tests.StackTestcases" name="userclickspractice_question_link" time="0.000">
    <skipped/>
  </testcase> <!-- userclickspractice_question_link -->
</testsuite> <!-- tests.StackTestcases -->
