<?xml version="1.0" encoding="UTF-8"?>
<!-- Generated by org.testng.reporters.JUnitReportReporter -->
<testsuite hostname="Joanna" failures="0" tests="10" name="tests.GraphTestCases" time="0.584" errors="1" timestamp="2024-12-13T10:58:43 GMT-05:00" skipped="9">
  <testcase classname="tests.GraphTestCases" name="graphSetup" time="0.584">
    <error message="stale element reference: stale element not found
  (Session info: chrome=131.0.6778.140)
For documentation on this error, please visit: https://www.selenium.dev/documentation/webdriver/troubleshooting/errors#stale-element-reference-exception
Build info: version: &#039;4.23.1&#039;, revision: &#039;656257d8e9&#039;
System info: os.name: &#039;Windows 11&#039;, os.arch: &#039;amd64&#039;, os.version: &#039;10.0&#039;, java.version: &#039;22.0.2&#039;
Driver info: org.openqa.selenium.chrome.ChromeDriver
Command: [2616a8a38228f6fd5d0f824218deb7cc, clickElement {id=f.C485A455EEB67599C4A95E5A0A0CD4B0.d.96E9F510F69C4C7EC192999BC802D062.e.187}]
Capabilities {acceptInsecureCerts: false, browserName: chrome, browserVersion: 131.0.6778.140, chrome: {chromedriverVersion: 131.0.6778.108 (3b014839fbc..., userDataDir: C:\Users\golda\AppData\Loca...}, fedcm:accounts: true, goog:chromeOptions: {debuggerAddress: localhost:52065}, networkConnectionEnabled: false, pageLoadStrategy: normal, platformName: windows, proxy: Proxy(), se:cdp: ws://localhost:52065/devtoo..., se:cdpVersion: 131.0.6778.140, setWindowRect: true, strictFileInteractability: false, timeouts: {implicit: 0, pageLoad: 300000, script: 30000}, unhandledPromptBehavior: dismiss and notify, webauthn:extension:credBlob: true, webauthn:extension:largeBlob: true, webauthn:extension:minPinLength: true, webauthn:extension:prf: true, webauthn:virtualAuthenticators: true}
Element: [[ChromeDriver: chrome on windows (2616a8a38228f6fd5d0f824218deb7cc)] -&gt; link text: Sign in]
Session ID: 2616a8a38228f6fd5d0f824218deb7cc" type="org.openqa.selenium.StaleElementReferenceException">
      <![CDATA[org.openqa.selenium.StaleElementReferenceException: stale element reference: stale element not found
  (Session info: chrome=131.0.6778.140)
For documentation on this error, please visit: https://www.selenium.dev/documentation/webdriver/troubleshooting/errors#stale-element-reference-exception
Build info: version: '4.23.1', revision: '656257d8e9'
System info: os.name: 'Windows 11', os.arch: 'amd64', os.version: '10.0', java.version: '22.0.2'
Driver info: org.openqa.selenium.chrome.ChromeDriver
Command: [2616a8a38228f6fd5d0f824218deb7cc, clickElement {id=f.C485A455EEB67599C4A95E5A0A0CD4B0.d.96E9F510F69C4C7EC192999BC802D062.e.187}]
Capabilities {acceptInsecureCerts: false, browserName: chrome, browserVersion: 131.0.6778.140, chrome: {chromedriverVersion: 131.0.6778.108 (3b014839fbc..., userDataDir: C:\Users\golda\AppData\Loca...}, fedcm:accounts: true, goog:chromeOptions: {debuggerAddress: localhost:52065}, networkConnectionEnabled: false, pageLoadStrategy: normal, platformName: windows, proxy: Proxy(), se:cdp: ws://localhost:52065/devtoo..., se:cdpVersion: 131.0.6778.140, setWindowRect: true, strictFileInteractability: false, timeouts: {implicit: 0, pageLoad: 300000, script: 30000}, unhandledPromptBehavior: dismiss and notify, webauthn:extension:credBlob: true, webauthn:extension:largeBlob: true, webauthn:extension:minPinLength: true, webauthn:extension:prf: true, webauthn:virtualAuthenticators: true}
Element: [[ChromeDriver: chrome on windows (2616a8a38228f6fd5d0f824218deb7cc)] -> link text: Sign in]
Session ID: 2616a8a38228f6fd5d0f824218deb7cc
at java.base/jdk.internal.reflect.DirectConstructorHandleAccessor.newInstance(DirectConstructorHandleAccessor.java:62)
at java.base/java.lang.reflect.Constructor.newInstanceWithCaller(Constructor.java:502)
at java.base/java.lang.reflect.Constructor.newInstance(Constructor.java:486)
at org.openqa.selenium.remote.ErrorCodec.decode(ErrorCodec.java:167)
at org.openqa.selenium.remote.codec.w3c.W3CHttpResponseCodec.decode(W3CHttpResponseCodec.java:138)
at org.openqa.selenium.remote.codec.w3c.W3CHttpResponseCodec.decode(W3CHttpResponseCodec.java:50)
at org.openqa.selenium.remote.HttpCommandExecutor.execute(HttpCommandExecutor.java:190)
at org.openqa.selenium.remote.service.DriverCommandExecutor.invokeExecute(DriverCommandExecutor.java:216)
at org.openqa.selenium.remote.service.DriverCommandExecutor.execute(DriverCommandExecutor.java:174)
at org.openqa.selenium.remote.RemoteWebDriver.execute(RemoteWebDriver.java:545)
at org.openqa.selenium.remote.RemoteWebElement.execute(RemoteWebElement.java:223)
at org.openqa.selenium.remote.RemoteWebElement.click(RemoteWebElement.java:76)
at java.base/jdk.internal.reflect.DirectMethodHandleAccessor.invoke(DirectMethodHandleAccessor.java:103)
at java.base/java.lang.reflect.Method.invoke(Method.java:580)
at org.openqa.selenium.support.pagefactory.internal.LocatingElementHandler.invoke(LocatingElementHandler.java:51)
at jdk.proxy2/jdk.proxy2.$Proxy19.click(Unknown Source)
at pageObject.Homepageobject.clickSignIn(Homepageobject.java:57)
at tests.BaseCases.login(BaseCases.java:66)
at tests.GraphTestCases.graphSetup(GraphTestCases.java:28)
at java.base/jdk.internal.reflect.DirectMethodHandleAccessor.invoke(DirectMethodHandleAccessor.java:103)
at java.base/java.lang.reflect.Method.invoke(Method.java:580)
at org.testng.internal.invokers.MethodInvocationHelper.invokeMethod(MethodInvocationHelper.java:141)
at org.testng.internal.invokers.MethodInvocationHelper.invokeMethodConsideringTimeout(MethodInvocationHelper.java:71)
at org.testng.internal.invokers.ConfigInvoker.invokeConfigurationMethod(ConfigInvoker.java:400)
at org.testng.internal.invokers.ConfigInvoker.invokeConfigurations(ConfigInvoker.java:333)
at org.testng.internal.invokers.TestMethodWorker.invokeBeforeClassMethods(TestMethodWorker.java:188)
at org.testng.internal.invokers.TestMethodWorker.run(TestMethodWorker.java:128)
at java.base/java.util.concurrent.Executors$RunnableAdapter.call(Executors.java:572)
at java.base/java.util.concurrent.FutureTask.run(FutureTask.java:317)
at org.testng.internal.thread.graph.TestNGFutureTask.run(TestNGFutureTask.java:22)
at java.base/java.util.concurrent.ThreadPoolExecutor.runWorker(ThreadPoolExecutor.java:1144)
at java.base/java.util.concurrent.ThreadPoolExecutor$Worker.run(ThreadPoolExecutor.java:642)
at java.base/java.lang.Thread.run(Thread.java:1570)
]]>
    </error>
  </testcase> <!-- graphSetup -->
  <testcase classname="tests.GraphTestCases" name="user_clicks_on_graph_link" time="0.000">
    <skipped/>
  </testcase> <!-- user_clicks_on_graph_link -->
  <testcase classname="tests.GraphTestCases" name="user_clicks_on_sub_graph_link" time="0.000">
    <skipped/>
  </testcase> <!-- user_clicks_on_sub_graph_link -->
  <testcase classname="tests.GraphTestCases" name="clicksGraphLinkTryHere" time="0.000">
    <skipped/>
  </testcase> <!-- clicksGraphLinkTryHere -->
  <testcase classname="tests.GraphTestCases" name="executeGraphLinkTryHere" time="0.000">
    <skipped/>
  </testcase> <!-- executeGraphLinkTryHere -->
  <testcase classname="tests.GraphTestCases" name="user_clicks_on_graph_represent_link" time="0.000">
    <skipped/>
  </testcase> <!-- user_clicks_on_graph_represent_link -->
  <testcase classname="tests.GraphTestCases" name="user_clicks_on_sub_graph_represent_link" time="0.000">
    <skipped/>
  </testcase> <!-- user_clicks_on_sub_graph_represent_link -->
  <testcase classname="tests.GraphTestCases" name="clicksGraphRepresentLinkTryHere" time="0.000">
    <skipped/>
  </testcase> <!-- clicksGraphRepresentLinkTryHere -->
  <testcase classname="tests.GraphTestCases" name="executeGraphRepresentLinkTryHere" time="0.000">
    <skipped/>
  </testcase> <!-- executeGraphRepresentLinkTryHere -->
  <testcase classname="tests.GraphTestCases" name="user_clicks_on_graph_practice_test_link" time="0.000">
    <skipped/>
  </testcase> <!-- user_clicks_on_graph_practice_test_link -->
</testsuite> <!-- tests.GraphTestCases -->
